[2024-02-26T06:02:55.386+0000] {taskinstance.py:1103} INFO - Dependencies all met for dep_context=non-requeueable deps ti=<TaskInstance: spark_airflow_dag.spark_submit_task manual__2024-02-26T06:02:51.924735+00:00 [queued]>
[2024-02-26T06:02:55.392+0000] {taskinstance.py:1103} INFO - Dependencies all met for dep_context=requeueable deps ti=<TaskInstance: spark_airflow_dag.spark_submit_task manual__2024-02-26T06:02:51.924735+00:00 [queued]>
[2024-02-26T06:02:55.392+0000] {taskinstance.py:1308} INFO - Starting attempt 1 of 1
[2024-02-26T06:02:55.403+0000] {taskinstance.py:1327} INFO - Executing <Task(SparkSubmitOperator): spark_submit_task> on 2024-02-26 06:02:51.924735+00:00
[2024-02-26T06:02:55.424+0000] {standard_task_runner.py:57} INFO - Started process 2443 to run task
[2024-02-26T06:02:55.428+0000] {standard_task_runner.py:84} INFO - Running: ['airflow', 'tasks', 'run', 'spark_airflow_dag', 'spark_submit_task', 'manual__2024-02-26T06:02:51.924735+00:00', '--job-id', '11', '--raw', '--subdir', 'DAGS_FOLDER/spark_etl_dag.py', '--cfg-path', '/tmp/tmpp8rzen4g']
[2024-02-26T06:02:55.430+0000] {standard_task_runner.py:85} INFO - Job 11: Subtask spark_submit_task
[2024-02-26T06:02:55.457+0000] {logging_mixin.py:150} WARNING - /home/airflow/.local/lib/python3.7/site-packages/airflow/settings.py:195 DeprecationWarning: The sql_alchemy_conn option in [core] has been moved to the sql_alchemy_conn option in [database] - the old setting has been used, but please update your config.
[2024-02-26T06:02:55.496+0000] {task_command.py:410} INFO - Running <TaskInstance: spark_airflow_dag.spark_submit_task manual__2024-02-26T06:02:51.924735+00:00 [running]> on host 1db92e94aa46
[2024-02-26T06:02:55.560+0000] {taskinstance.py:1547} INFO - Exporting env vars: AIRFLOW_CTX_DAG_OWNER='airflow' AIRFLOW_CTX_DAG_ID='spark_airflow_dag' AIRFLOW_CTX_TASK_ID='spark_submit_task' AIRFLOW_CTX_EXECUTION_DATE='2024-02-26T06:02:51.924735+00:00' AIRFLOW_CTX_TRY_NUMBER='1' AIRFLOW_CTX_DAG_RUN_ID='manual__2024-02-26T06:02:51.924735+00:00'
[2024-02-26T06:02:55.567+0000] {base.py:73} INFO - Using connection ID 'spark_default' for task execution.
[2024-02-26T06:02:55.579+0000] {spark_submit.py:339} INFO - Spark-Submit cmd: spark-submit --master local[*] --conf spark.master=spark://spark-master:7077 --name arrow-spark /opt/airflow/dags/spark_etl.py
[2024-02-26T06:02:55.712+0000] {spark_submit.py:490} INFO - /home/airflow/.local/lib/python3.7/site-packages/pyspark/bin/load-spark-env.sh: line 68: ps: command not found
[2024-02-26T06:03:00.826+0000] {spark_submit.py:490} INFO - 24/02/26 06:03:00 INFO SparkContext: Running Spark version 3.4.2
[2024-02-26T06:03:00.908+0000] {spark_submit.py:490} INFO - 24/02/26 06:03:00 WARN NativeCodeLoader: Unable to load native-hadoop library for your platform... using builtin-java classes where applicable
[2024-02-26T06:04:36.017+0000] {spark_submit.py:490} INFO - 24/02/26 06:04:36 INFO ResourceUtils: ==============================================================
[2024-02-26T06:04:36.037+0000] {spark_submit.py:490} INFO - 24/02/26 06:04:36 INFO ResourceUtils: No custom resources configured for spark.driver.
[2024-02-26T06:04:36.043+0000] {spark_submit.py:490} INFO - 24/02/26 06:04:36 INFO ResourceUtils: ==============================================================
[2024-02-26T06:04:36.045+0000] {spark_submit.py:490} INFO - 24/02/26 06:04:36 INFO SparkContext: Submitted application: DataExtraction
[2024-02-26T06:04:36.145+0000] {spark_submit.py:490} INFO - 24/02/26 06:04:36 INFO ResourceProfile: Default ResourceProfile created, executor resources: Map(memory -> name: memory, amount: 1024, script: , vendor: , offHeap -> name: offHeap, amount: 0, script: , vendor: ), task resources: Map(cpus -> name: cpus, amount: 1.0)
[2024-02-26T06:04:36.175+0000] {spark_submit.py:490} INFO - 24/02/26 06:04:36 INFO ResourceProfile: Limiting resource is cpu
[2024-02-26T06:04:36.178+0000] {spark_submit.py:490} INFO - 24/02/26 06:04:36 INFO ResourceProfileManager: Added ResourceProfile id: 0
[2024-02-26T06:04:36.581+0000] {spark_submit.py:490} INFO - 24/02/26 06:04:36 INFO SecurityManager: Changing view acls to: airflow
[2024-02-26T06:04:36.583+0000] {spark_submit.py:490} INFO - 24/02/26 06:04:36 INFO SecurityManager: Changing modify acls to: airflow
[2024-02-26T06:04:36.583+0000] {spark_submit.py:490} INFO - 24/02/26 06:04:36 INFO SecurityManager: Changing view acls groups to:
[2024-02-26T06:04:36.583+0000] {spark_submit.py:490} INFO - 24/02/26 06:04:36 INFO SecurityManager: Changing modify acls groups to:
[2024-02-26T06:04:36.583+0000] {spark_submit.py:490} INFO - 24/02/26 06:04:36 INFO SecurityManager: SecurityManager: authentication disabled; ui acls disabled; users with view permissions: airflow; groups with view permissions: EMPTY; users with modify permissions: airflow; groups with modify permissions: EMPTY
[2024-02-26T06:04:37.588+0000] {spark_submit.py:490} INFO - 24/02/26 06:04:37 INFO Utils: Successfully started service 'sparkDriver' on port 37055.
[2024-02-26T06:04:37.681+0000] {spark_submit.py:490} INFO - 24/02/26 06:04:37 INFO SparkEnv: Registering MapOutputTracker
[2024-02-26T06:04:37.775+0000] {spark_submit.py:490} INFO - 24/02/26 06:04:37 INFO SparkEnv: Registering BlockManagerMaster
[2024-02-26T06:04:37.834+0000] {spark_submit.py:490} INFO - 24/02/26 06:04:37 INFO BlockManagerMasterEndpoint: Using org.apache.spark.storage.DefaultTopologyMapper for getting topology information
[2024-02-26T06:04:37.836+0000] {spark_submit.py:490} INFO - 24/02/26 06:04:37 INFO BlockManagerMasterEndpoint: BlockManagerMasterEndpoint up
[2024-02-26T06:04:37.847+0000] {spark_submit.py:490} INFO - 24/02/26 06:04:37 INFO SparkEnv: Registering BlockManagerMasterHeartbeat
[2024-02-26T06:04:37.958+0000] {spark_submit.py:490} INFO - 24/02/26 06:04:37 INFO DiskBlockManager: Created local directory at /tmp/blockmgr-6eef7800-4a37-453b-a43b-9afdc212f9f3
[2024-02-26T06:04:38.029+0000] {spark_submit.py:490} INFO - 24/02/26 06:04:38 INFO MemoryStore: MemoryStore started with capacity 434.4 MiB
[2024-02-26T06:04:38.074+0000] {spark_submit.py:490} INFO - 24/02/26 06:04:38 INFO SparkEnv: Registering OutputCommitCoordinator
[2024-02-26T06:07:02.213+0000] {taskinstance.py:1824} ERROR - Task failed with exception
Traceback (most recent call last):
  File "/home/airflow/.local/lib/python3.7/site-packages/airflow/providers/apache/spark/operators/spark_submit.py", line 157, in execute
    self._hook.submit(self._application)
  File "/home/airflow/.local/lib/python3.7/site-packages/airflow/providers/apache/spark/hooks/spark_submit.py", line 422, in submit
    f"Cannot execute: {self._mask_cmd(spark_submit_cmd)}. Error code is: {returncode}."
airflow.exceptions.AirflowException: Cannot execute: spark-submit --master local[*] --conf spark.master=spark://spark-master:7077 --name arrow-spark /opt/airflow/dags/spark_etl.py. Error code is: -9.
[2024-02-26T06:07:02.277+0000] {taskinstance.py:1350} INFO - Marking task as FAILED. dag_id=spark_airflow_dag, task_id=spark_submit_task, execution_date=20240226T060251, start_date=20240226T060255, end_date=20240226T060702
[2024-02-26T06:07:02.345+0000] {standard_task_runner.py:109} ERROR - Failed to execute job 11 for task spark_submit_task (Cannot execute: spark-submit --master local[*] --conf spark.master=spark://spark-master:7077 --name arrow-spark /opt/airflow/dags/spark_etl.py. Error code is: -9.; 2443)
[2024-02-26T06:07:02.399+0000] {local_task_job_runner.py:225} INFO - Task exited with return code 1
[2024-02-26T06:07:02.465+0000] {taskinstance.py:2653} INFO - 0 downstream tasks scheduled from follow-on schedule check
