[2024-02-26T15:52:53.629+0000] {taskinstance.py:1103} INFO - Dependencies all met for dep_context=non-requeueable deps ti=<TaskInstance: spark_airflow_dag.spark_submit_task manual__2024-02-26T15:52:47.823656+00:00 [queued]>
[2024-02-26T15:52:53.656+0000] {taskinstance.py:1103} INFO - Dependencies all met for dep_context=requeueable deps ti=<TaskInstance: spark_airflow_dag.spark_submit_task manual__2024-02-26T15:52:47.823656+00:00 [queued]>
[2024-02-26T15:52:53.656+0000] {taskinstance.py:1308} INFO - Starting attempt 1 of 1
[2024-02-26T15:52:53.673+0000] {taskinstance.py:1327} INFO - Executing <Task(SparkSubmitOperator): spark_submit_task> on 2024-02-26 15:52:47.823656+00:00
[2024-02-26T15:52:53.685+0000] {standard_task_runner.py:84} INFO - Running: ['airflow', 'tasks', 'run', 'spark_airflow_dag', 'spark_submit_task', 'manual__2024-02-26T15:52:47.823656+00:00', '--job-id', '17', '--raw', '--subdir', 'DAGS_FOLDER/spark_etl_dag.py', '--cfg-path', '/tmp/tmp14qw5wgt']
[2024-02-26T15:52:53.686+0000] {standard_task_runner.py:85} INFO - Job 17: Subtask spark_submit_task
[2024-02-26T15:52:53.683+0000] {standard_task_runner.py:57} INFO - Started process 10963 to run task
[2024-02-26T15:52:53.882+0000] {logging_mixin.py:150} WARNING - /home/airflow/.local/lib/python3.7/site-packages/airflow/settings.py:195 DeprecationWarning: The sql_alchemy_conn option in [core] has been moved to the sql_alchemy_conn option in [database] - the old setting has been used, but please update your config.
[2024-02-26T15:52:54.007+0000] {task_command.py:410} INFO - Running <TaskInstance: spark_airflow_dag.spark_submit_task manual__2024-02-26T15:52:47.823656+00:00 [running]> on host 1db92e94aa46
[2024-02-26T15:52:54.285+0000] {taskinstance.py:1547} INFO - Exporting env vars: AIRFLOW_CTX_DAG_OWNER='airflow' AIRFLOW_CTX_DAG_ID='spark_airflow_dag' AIRFLOW_CTX_TASK_ID='spark_submit_task' AIRFLOW_CTX_EXECUTION_DATE='2024-02-26T15:52:47.823656+00:00' AIRFLOW_CTX_TRY_NUMBER='1' AIRFLOW_CTX_DAG_RUN_ID='manual__2024-02-26T15:52:47.823656+00:00'
[2024-02-26T15:52:54.293+0000] {base.py:73} INFO - Using connection ID 'spark_default' for task execution.
[2024-02-26T15:52:54.304+0000] {spark_submit.py:339} INFO - Spark-Submit cmd: spark-submit --master local[*] --name arrow-spark /opt/airflow/dags/spark_etl.py
[2024-02-26T15:52:54.630+0000] {spark_submit.py:490} INFO - /home/airflow/.local/lib/python3.7/site-packages/pyspark/bin/load-spark-env.sh: line 68: ps: command not found
[2024-02-26T15:53:01.608+0000] {spark_submit.py:490} INFO - 24/02/26 15:53:01 INFO SparkContext: Running Spark version 3.4.2
[2024-02-26T15:53:01.869+0000] {spark_submit.py:490} INFO - 24/02/26 15:53:01 WARN NativeCodeLoader: Unable to load native-hadoop library for your platform... using builtin-java classes where applicable
[2024-02-26T15:53:02.008+0000] {spark_submit.py:490} INFO - 24/02/26 15:53:02 INFO ResourceUtils: ==============================================================
[2024-02-26T15:53:02.009+0000] {spark_submit.py:490} INFO - 24/02/26 15:53:02 INFO ResourceUtils: No custom resources configured for spark.driver.
[2024-02-26T15:53:02.009+0000] {spark_submit.py:490} INFO - 24/02/26 15:53:02 INFO ResourceUtils: ==============================================================
[2024-02-26T15:53:02.009+0000] {spark_submit.py:490} INFO - 24/02/26 15:53:02 INFO SparkContext: Submitted application: DataExtraction
[2024-02-26T15:53:02.032+0000] {spark_submit.py:490} INFO - 24/02/26 15:53:02 INFO ResourceProfile: Default ResourceProfile created, executor resources: Map(memory -> name: memory, amount: 1024, script: , vendor: , offHeap -> name: offHeap, amount: 0, script: , vendor: ), task resources: Map(cpus -> name: cpus, amount: 1.0)
[2024-02-26T15:53:02.073+0000] {spark_submit.py:490} INFO - 24/02/26 15:53:02 INFO ResourceProfile: Limiting resource is cpu
[2024-02-26T15:53:02.074+0000] {spark_submit.py:490} INFO - 24/02/26 15:53:02 INFO ResourceProfileManager: Added ResourceProfile id: 0
[2024-02-26T15:53:02.215+0000] {spark_submit.py:490} INFO - 24/02/26 15:53:02 INFO SecurityManager: Changing view acls to: airflow
[2024-02-26T15:53:02.216+0000] {spark_submit.py:490} INFO - 24/02/26 15:53:02 INFO SecurityManager: Changing modify acls to: airflow
[2024-02-26T15:53:02.216+0000] {spark_submit.py:490} INFO - 24/02/26 15:53:02 INFO SecurityManager: Changing view acls groups to:
[2024-02-26T15:53:02.217+0000] {spark_submit.py:490} INFO - 24/02/26 15:53:02 INFO SecurityManager: Changing modify acls groups to:
[2024-02-26T15:53:02.217+0000] {spark_submit.py:490} INFO - 24/02/26 15:53:02 INFO SecurityManager: SecurityManager: authentication disabled; ui acls disabled; users with view permissions: airflow; groups with view permissions: EMPTY; users with modify permissions: airflow; groups with modify permissions: EMPTY
[2024-02-26T15:53:02.628+0000] {spark_submit.py:490} INFO - 24/02/26 15:53:02 INFO Utils: Successfully started service 'sparkDriver' on port 33375.
[2024-02-26T15:53:02.658+0000] {spark_submit.py:490} INFO - 24/02/26 15:53:02 INFO SparkEnv: Registering MapOutputTracker
[2024-02-26T15:53:02.685+0000] {spark_submit.py:490} INFO - 24/02/26 15:53:02 INFO SparkEnv: Registering BlockManagerMaster
[2024-02-26T15:53:02.702+0000] {spark_submit.py:490} INFO - 24/02/26 15:53:02 INFO BlockManagerMasterEndpoint: Using org.apache.spark.storage.DefaultTopologyMapper for getting topology information
[2024-02-26T15:53:02.702+0000] {spark_submit.py:490} INFO - 24/02/26 15:53:02 INFO BlockManagerMasterEndpoint: BlockManagerMasterEndpoint up
[2024-02-26T15:53:02.707+0000] {spark_submit.py:490} INFO - 24/02/26 15:53:02 INFO SparkEnv: Registering BlockManagerMasterHeartbeat
[2024-02-26T15:53:02.743+0000] {spark_submit.py:490} INFO - 24/02/26 15:53:02 INFO DiskBlockManager: Created local directory at /tmp/blockmgr-ee45f40f-29d2-45db-9304-3238d69ba6c4
[2024-02-26T15:53:02.759+0000] {spark_submit.py:490} INFO - 24/02/26 15:53:02 INFO MemoryStore: MemoryStore started with capacity 434.4 MiB
[2024-02-26T15:53:02.775+0000] {spark_submit.py:490} INFO - 24/02/26 15:53:02 INFO SparkEnv: Registering OutputCommitCoordinator
[2024-02-26T15:53:02.939+0000] {spark_submit.py:490} INFO - 24/02/26 15:53:02 INFO JettyUtils: Start Jetty 0.0.0.0:4040 for SparkUI
[2024-02-26T15:53:03.014+0000] {spark_submit.py:490} INFO - 24/02/26 15:53:03 INFO Utils: Successfully started service 'SparkUI' on port 4040.
[2024-02-26T15:53:03.176+0000] {spark_submit.py:490} INFO - 24/02/26 15:53:03 ERROR SparkContext: Error initializing SparkContext.
[2024-02-26T15:53:03.176+0000] {spark_submit.py:490} INFO - org.apache.spark.SparkException: Invalid master URL: spark://local[*]
[2024-02-26T15:53:03.176+0000] {spark_submit.py:490} INFO - at org.apache.spark.util.Utils$.extractHostPortFromSparkUrl(Utils.scala:2573)
[2024-02-26T15:53:03.177+0000] {spark_submit.py:490} INFO - at org.apache.spark.rpc.RpcAddress$.fromSparkURL(RpcAddress.scala:54)
[2024-02-26T15:53:03.177+0000] {spark_submit.py:490} INFO - at org.apache.spark.deploy.client.StandaloneAppClient.$anonfun$masterRpcAddresses$1(StandaloneAppClient.scala:54)
[2024-02-26T15:53:03.177+0000] {spark_submit.py:490} INFO - at scala.collection.TraversableLike.$anonfun$map$1(TraversableLike.scala:286)
[2024-02-26T15:53:03.177+0000] {spark_submit.py:490} INFO - at scala.collection.IndexedSeqOptimized.foreach(IndexedSeqOptimized.scala:36)
[2024-02-26T15:53:03.178+0000] {spark_submit.py:490} INFO - at scala.collection.IndexedSeqOptimized.foreach$(IndexedSeqOptimized.scala:33)
[2024-02-26T15:53:03.178+0000] {spark_submit.py:490} INFO - at scala.collection.mutable.ArrayOps$ofRef.foreach(ArrayOps.scala:198)
[2024-02-26T15:53:03.178+0000] {spark_submit.py:490} INFO - at scala.collection.TraversableLike.map(TraversableLike.scala:286)
[2024-02-26T15:53:03.179+0000] {spark_submit.py:490} INFO - at scala.collection.TraversableLike.map$(TraversableLike.scala:279)
[2024-02-26T15:53:03.180+0000] {spark_submit.py:490} INFO - at scala.collection.mutable.ArrayOps$ofRef.map(ArrayOps.scala:198)
[2024-02-26T15:53:03.260+0000] {spark_submit.py:490} INFO - at org.apache.spark.deploy.client.StandaloneAppClient.<init>(StandaloneAppClient.scala:54)
[2024-02-26T15:53:03.279+0000] {spark_submit.py:490} INFO - at org.apache.spark.scheduler.cluster.StandaloneSchedulerBackend.start(StandaloneSchedulerBackend.scala:134)
[2024-02-26T15:53:03.298+0000] {spark_submit.py:490} INFO - at org.apache.spark.scheduler.TaskSchedulerImpl.start(TaskSchedulerImpl.scala:235)
[2024-02-26T15:53:03.305+0000] {spark_submit.py:490} INFO - at org.apache.spark.SparkContext.<init>(SparkContext.scala:590)
[2024-02-26T15:53:03.307+0000] {spark_submit.py:490} INFO - at org.apache.spark.api.java.JavaSparkContext.<init>(JavaSparkContext.scala:58)
[2024-02-26T15:53:03.307+0000] {spark_submit.py:490} INFO - at java.base/jdk.internal.reflect.NativeConstructorAccessorImpl.newInstance0(Native Method)
[2024-02-26T15:53:03.307+0000] {spark_submit.py:490} INFO - at java.base/jdk.internal.reflect.NativeConstructorAccessorImpl.newInstance(NativeConstructorAccessorImpl.java:62)
[2024-02-26T15:53:03.308+0000] {spark_submit.py:490} INFO - at java.base/jdk.internal.reflect.DelegatingConstructorAccessorImpl.newInstance(DelegatingConstructorAccessorImpl.java:45)
[2024-02-26T15:53:03.309+0000] {spark_submit.py:490} INFO - at java.base/java.lang.reflect.Constructor.newInstance(Constructor.java:490)
[2024-02-26T15:53:03.309+0000] {spark_submit.py:490} INFO - at py4j.reflection.MethodInvoker.invoke(MethodInvoker.java:247)
[2024-02-26T15:53:03.310+0000] {spark_submit.py:490} INFO - at py4j.reflection.ReflectionEngine.invoke(ReflectionEngine.java:374)
[2024-02-26T15:53:03.310+0000] {spark_submit.py:490} INFO - at py4j.Gateway.invoke(Gateway.java:238)
[2024-02-26T15:53:03.310+0000] {spark_submit.py:490} INFO - at py4j.commands.ConstructorCommand.invokeConstructor(ConstructorCommand.java:80)
[2024-02-26T15:53:03.310+0000] {spark_submit.py:490} INFO - at py4j.commands.ConstructorCommand.execute(ConstructorCommand.java:69)
[2024-02-26T15:53:03.311+0000] {spark_submit.py:490} INFO - at py4j.ClientServerConnection.waitForCommands(ClientServerConnection.java:182)
[2024-02-26T15:53:03.311+0000] {spark_submit.py:490} INFO - at py4j.ClientServerConnection.run(ClientServerConnection.java:106)
[2024-02-26T15:53:03.311+0000] {spark_submit.py:490} INFO - at java.base/java.lang.Thread.run(Thread.java:829)
[2024-02-26T15:53:03.312+0000] {spark_submit.py:490} INFO - Caused by: java.net.URISyntaxException: Illegal character in hostname at index 13: spark://local[*]
[2024-02-26T15:53:03.312+0000] {spark_submit.py:490} INFO - at java.base/java.net.URI$Parser.fail(URI.java:2913)
[2024-02-26T15:53:03.312+0000] {spark_submit.py:490} INFO - at java.base/java.net.URI$Parser.parseHostname(URI.java:3468)
[2024-02-26T15:53:03.312+0000] {spark_submit.py:490} INFO - at java.base/java.net.URI$Parser.parseServer(URI.java:3311)
[2024-02-26T15:53:03.312+0000] {spark_submit.py:490} INFO - at java.base/java.net.URI$Parser.parseAuthority(URI.java:3221)
[2024-02-26T15:53:03.323+0000] {spark_submit.py:490} INFO - at java.base/java.net.URI$Parser.parseHierarchical(URI.java:3158)
[2024-02-26T15:53:03.324+0000] {spark_submit.py:490} INFO - at java.base/java.net.URI$Parser.parse(URI.java:3114)
[2024-02-26T15:53:03.325+0000] {spark_submit.py:490} INFO - at java.base/java.net.URI.<init>(URI.java:600)
[2024-02-26T15:53:03.326+0000] {spark_submit.py:490} INFO - at org.apache.spark.util.Utils$.extractHostPortFromSparkUrl(Utils.scala:2558)
[2024-02-26T15:53:03.327+0000] {spark_submit.py:490} INFO - ... 26 more
[2024-02-26T15:53:03.328+0000] {spark_submit.py:490} INFO - 24/02/26 15:53:03 INFO SparkContext: SparkContext is stopping with exitCode 0.
[2024-02-26T15:53:03.376+0000] {spark_submit.py:490} INFO - 24/02/26 15:53:03 INFO SparkUI: Stopped Spark web UI at http://1db92e94aa46:4040
[2024-02-26T15:53:03.383+0000] {spark_submit.py:490} INFO - 24/02/26 15:53:03 INFO StandaloneSchedulerBackend: Shutting down all executors
[2024-02-26T15:53:03.389+0000] {spark_submit.py:490} INFO - 24/02/26 15:53:03 INFO StandaloneSchedulerBackend$StandaloneDriverEndpoint: Asking each executor to shut down
[2024-02-26T15:53:03.424+0000] {spark_submit.py:490} INFO - 24/02/26 15:53:03 INFO MapOutputTrackerMasterEndpoint: MapOutputTrackerMasterEndpoint stopped!
[2024-02-26T15:53:03.447+0000] {spark_submit.py:490} INFO - 24/02/26 15:53:03 INFO MemoryStore: MemoryStore cleared
[2024-02-26T15:53:03.448+0000] {spark_submit.py:490} INFO - 24/02/26 15:53:03 INFO BlockManager: BlockManager stopped
[2024-02-26T15:53:03.457+0000] {spark_submit.py:490} INFO - 24/02/26 15:53:03 INFO BlockManagerMaster: BlockManagerMaster stopped
[2024-02-26T15:53:03.457+0000] {spark_submit.py:490} INFO - 24/02/26 15:53:03 WARN MetricsSystem: Stopping a MetricsSystem that is not running
[2024-02-26T15:53:03.459+0000] {spark_submit.py:490} INFO - 24/02/26 15:53:03 INFO OutputCommitCoordinator$OutputCommitCoordinatorEndpoint: OutputCommitCoordinator stopped!
[2024-02-26T15:53:03.468+0000] {spark_submit.py:490} INFO - 24/02/26 15:53:03 INFO SparkContext: Successfully stopped SparkContext
[2024-02-26T15:53:03.470+0000] {spark_submit.py:490} INFO - Traceback (most recent call last):
[2024-02-26T15:53:03.470+0000] {spark_submit.py:490} INFO - File "/opt/airflow/dags/spark_etl.py", line 10, in <module>
[2024-02-26T15:53:03.485+0000] {spark_submit.py:490} INFO - .master("spark://local[*]") \
[2024-02-26T15:53:03.486+0000] {spark_submit.py:490} INFO - File "/home/airflow/.local/lib/python3.7/site-packages/pyspark/python/lib/pyspark.zip/pyspark/sql/session.py", line 477, in getOrCreate
[2024-02-26T15:53:03.498+0000] {spark_submit.py:490} INFO - File "/home/airflow/.local/lib/python3.7/site-packages/pyspark/python/lib/pyspark.zip/pyspark/context.py", line 512, in getOrCreate
[2024-02-26T15:53:03.499+0000] {spark_submit.py:490} INFO - File "/home/airflow/.local/lib/python3.7/site-packages/pyspark/python/lib/pyspark.zip/pyspark/context.py", line 212, in __init__
[2024-02-26T15:53:03.500+0000] {spark_submit.py:490} INFO - File "/home/airflow/.local/lib/python3.7/site-packages/pyspark/python/lib/pyspark.zip/pyspark/context.py", line 287, in _do_init
[2024-02-26T15:53:03.501+0000] {spark_submit.py:490} INFO - File "/home/airflow/.local/lib/python3.7/site-packages/pyspark/python/lib/pyspark.zip/pyspark/context.py", line 417, in _initialize_context
[2024-02-26T15:53:03.501+0000] {spark_submit.py:490} INFO - File "/home/airflow/.local/lib/python3.7/site-packages/pyspark/python/lib/py4j-0.10.9.7-src.zip/py4j/java_gateway.py", line 1588, in __call__
[2024-02-26T15:53:03.502+0000] {spark_submit.py:490} INFO - File "/home/airflow/.local/lib/python3.7/site-packages/pyspark/python/lib/py4j-0.10.9.7-src.zip/py4j/protocol.py", line 328, in get_return_value
[2024-02-26T15:53:03.504+0000] {spark_submit.py:490} INFO - py4j.protocol.Py4JJavaError: An error occurred while calling None.org.apache.spark.api.java.JavaSparkContext.
[2024-02-26T15:53:03.504+0000] {spark_submit.py:490} INFO - : org.apache.spark.SparkException: Invalid master URL: spark://local[*]
[2024-02-26T15:53:03.504+0000] {spark_submit.py:490} INFO - at org.apache.spark.util.Utils$.extractHostPortFromSparkUrl(Utils.scala:2573)
[2024-02-26T15:53:03.505+0000] {spark_submit.py:490} INFO - at org.apache.spark.rpc.RpcAddress$.fromSparkURL(RpcAddress.scala:54)
[2024-02-26T15:53:03.505+0000] {spark_submit.py:490} INFO - at org.apache.spark.deploy.client.StandaloneAppClient.$anonfun$masterRpcAddresses$1(StandaloneAppClient.scala:54)
[2024-02-26T15:53:03.505+0000] {spark_submit.py:490} INFO - at scala.collection.TraversableLike.$anonfun$map$1(TraversableLike.scala:286)
[2024-02-26T15:53:03.505+0000] {spark_submit.py:490} INFO - at scala.collection.IndexedSeqOptimized.foreach(IndexedSeqOptimized.scala:36)
[2024-02-26T15:53:03.505+0000] {spark_submit.py:490} INFO - at scala.collection.IndexedSeqOptimized.foreach$(IndexedSeqOptimized.scala:33)
[2024-02-26T15:53:03.505+0000] {spark_submit.py:490} INFO - at scala.collection.mutable.ArrayOps$ofRef.foreach(ArrayOps.scala:198)
[2024-02-26T15:53:03.505+0000] {spark_submit.py:490} INFO - at scala.collection.TraversableLike.map(TraversableLike.scala:286)
[2024-02-26T15:53:03.505+0000] {spark_submit.py:490} INFO - at scala.collection.TraversableLike.map$(TraversableLike.scala:279)
[2024-02-26T15:53:03.506+0000] {spark_submit.py:490} INFO - at scala.collection.mutable.ArrayOps$ofRef.map(ArrayOps.scala:198)
[2024-02-26T15:53:03.506+0000] {spark_submit.py:490} INFO - at org.apache.spark.deploy.client.StandaloneAppClient.<init>(StandaloneAppClient.scala:54)
[2024-02-26T15:53:03.506+0000] {spark_submit.py:490} INFO - at org.apache.spark.scheduler.cluster.StandaloneSchedulerBackend.start(StandaloneSchedulerBackend.scala:134)
[2024-02-26T15:53:03.506+0000] {spark_submit.py:490} INFO - at org.apache.spark.scheduler.TaskSchedulerImpl.start(TaskSchedulerImpl.scala:235)
[2024-02-26T15:53:03.506+0000] {spark_submit.py:490} INFO - at org.apache.spark.SparkContext.<init>(SparkContext.scala:590)
[2024-02-26T15:53:03.506+0000] {spark_submit.py:490} INFO - at org.apache.spark.api.java.JavaSparkContext.<init>(JavaSparkContext.scala:58)
[2024-02-26T15:53:03.507+0000] {spark_submit.py:490} INFO - at java.base/jdk.internal.reflect.NativeConstructorAccessorImpl.newInstance0(Native Method)
[2024-02-26T15:53:03.507+0000] {spark_submit.py:490} INFO - at java.base/jdk.internal.reflect.NativeConstructorAccessorImpl.newInstance(NativeConstructorAccessorImpl.java:62)
[2024-02-26T15:53:03.507+0000] {spark_submit.py:490} INFO - at java.base/jdk.internal.reflect.DelegatingConstructorAccessorImpl.newInstance(DelegatingConstructorAccessorImpl.java:45)
[2024-02-26T15:53:03.507+0000] {spark_submit.py:490} INFO - at java.base/java.lang.reflect.Constructor.newInstance(Constructor.java:490)
[2024-02-26T15:53:03.507+0000] {spark_submit.py:490} INFO - at py4j.reflection.MethodInvoker.invoke(MethodInvoker.java:247)
[2024-02-26T15:53:03.507+0000] {spark_submit.py:490} INFO - at py4j.reflection.ReflectionEngine.invoke(ReflectionEngine.java:374)
[2024-02-26T15:53:03.507+0000] {spark_submit.py:490} INFO - at py4j.Gateway.invoke(Gateway.java:238)
[2024-02-26T15:53:03.508+0000] {spark_submit.py:490} INFO - at py4j.commands.ConstructorCommand.invokeConstructor(ConstructorCommand.java:80)
[2024-02-26T15:53:03.508+0000] {spark_submit.py:490} INFO - at py4j.commands.ConstructorCommand.execute(ConstructorCommand.java:69)
[2024-02-26T15:53:03.508+0000] {spark_submit.py:490} INFO - at py4j.ClientServerConnection.waitForCommands(ClientServerConnection.java:182)
[2024-02-26T15:53:03.508+0000] {spark_submit.py:490} INFO - at py4j.ClientServerConnection.run(ClientServerConnection.java:106)
[2024-02-26T15:53:03.508+0000] {spark_submit.py:490} INFO - at java.base/java.lang.Thread.run(Thread.java:829)
[2024-02-26T15:53:03.508+0000] {spark_submit.py:490} INFO - Caused by: java.net.URISyntaxException: Illegal character in hostname at index 13: spark://local[*]
[2024-02-26T15:53:03.508+0000] {spark_submit.py:490} INFO - at java.base/java.net.URI$Parser.fail(URI.java:2913)
[2024-02-26T15:53:03.509+0000] {spark_submit.py:490} INFO - at java.base/java.net.URI$Parser.parseHostname(URI.java:3468)
[2024-02-26T15:53:03.509+0000] {spark_submit.py:490} INFO - at java.base/java.net.URI$Parser.parseServer(URI.java:3311)
[2024-02-26T15:53:03.516+0000] {spark_submit.py:490} INFO - at java.base/java.net.URI$Parser.parseAuthority(URI.java:3221)
[2024-02-26T15:53:03.517+0000] {spark_submit.py:490} INFO - at java.base/java.net.URI$Parser.parseHierarchical(URI.java:3158)
[2024-02-26T15:53:03.517+0000] {spark_submit.py:490} INFO - at java.base/java.net.URI$Parser.parse(URI.java:3114)
[2024-02-26T15:53:03.517+0000] {spark_submit.py:490} INFO - at java.base/java.net.URI.<init>(URI.java:600)
[2024-02-26T15:53:03.517+0000] {spark_submit.py:490} INFO - at org.apache.spark.util.Utils$.extractHostPortFromSparkUrl(Utils.scala:2558)
[2024-02-26T15:53:03.517+0000] {spark_submit.py:490} INFO - ... 26 more
[2024-02-26T15:53:03.517+0000] {spark_submit.py:490} INFO - 
[2024-02-26T15:53:03.564+0000] {spark_submit.py:490} INFO - 24/02/26 15:53:03 INFO ShutdownHookManager: Shutdown hook called
[2024-02-26T15:53:03.565+0000] {spark_submit.py:490} INFO - 24/02/26 15:53:03 INFO ShutdownHookManager: Deleting directory /tmp/spark-7c67fbe9-9a98-40d8-8357-7392ed027010
[2024-02-26T15:53:03.568+0000] {spark_submit.py:490} INFO - 24/02/26 15:53:03 INFO ShutdownHookManager: Deleting directory /tmp/spark-27e22bdd-ff9f-41af-b65a-8835ecf23c2f
[2024-02-26T15:53:03.963+0000] {taskinstance.py:1824} ERROR - Task failed with exception
Traceback (most recent call last):
  File "/home/airflow/.local/lib/python3.7/site-packages/airflow/providers/apache/spark/operators/spark_submit.py", line 157, in execute
    self._hook.submit(self._application)
  File "/home/airflow/.local/lib/python3.7/site-packages/airflow/providers/apache/spark/hooks/spark_submit.py", line 422, in submit
    f"Cannot execute: {self._mask_cmd(spark_submit_cmd)}. Error code is: {returncode}."
airflow.exceptions.AirflowException: Cannot execute: spark-submit --master local[*] --name arrow-spark /opt/airflow/dags/spark_etl.py. Error code is: 1.
[2024-02-26T15:53:04.019+0000] {taskinstance.py:1350} INFO - Marking task as FAILED. dag_id=spark_airflow_dag, task_id=spark_submit_task, execution_date=20240226T155247, start_date=20240226T155253, end_date=20240226T155304
[2024-02-26T15:53:04.105+0000] {standard_task_runner.py:109} ERROR - Failed to execute job 17 for task spark_submit_task (Cannot execute: spark-submit --master local[*] --name arrow-spark /opt/airflow/dags/spark_etl.py. Error code is: 1.; 10963)
[2024-02-26T15:53:04.128+0000] {local_task_job_runner.py:225} INFO - Task exited with return code 1
[2024-02-26T15:53:04.262+0000] {taskinstance.py:2653} INFO - 0 downstream tasks scheduled from follow-on schedule check
