[2024-02-26T09:37:46.770+0000] {taskinstance.py:1103} INFO - Dependencies all met for dep_context=non-requeueable deps ti=<TaskInstance: spark_airflow_dag.spark_submit_task manual__2024-02-26T09:37:42.375410+00:00 [queued]>
[2024-02-26T09:37:46.789+0000] {taskinstance.py:1103} INFO - Dependencies all met for dep_context=requeueable deps ti=<TaskInstance: spark_airflow_dag.spark_submit_task manual__2024-02-26T09:37:42.375410+00:00 [queued]>
[2024-02-26T09:37:46.789+0000] {taskinstance.py:1308} INFO - Starting attempt 1 of 1
[2024-02-26T09:37:46.800+0000] {taskinstance.py:1327} INFO - Executing <Task(SparkSubmitOperator): spark_submit_task> on 2024-02-26 09:37:42.375410+00:00
[2024-02-26T09:37:46.808+0000] {standard_task_runner.py:57} INFO - Started process 4456 to run task
[2024-02-26T09:37:46.811+0000] {standard_task_runner.py:84} INFO - Running: ['airflow', 'tasks', 'run', 'spark_airflow_dag', 'spark_submit_task', 'manual__2024-02-26T09:37:42.375410+00:00', '--job-id', '14', '--raw', '--subdir', 'DAGS_FOLDER/spark_etl_dag.py', '--cfg-path', '/tmp/tmp5g9naven']
[2024-02-26T09:37:46.812+0000] {standard_task_runner.py:85} INFO - Job 14: Subtask spark_submit_task
[2024-02-26T09:37:46.827+0000] {logging_mixin.py:150} WARNING - /home/airflow/.local/lib/python3.7/site-packages/airflow/settings.py:195 DeprecationWarning: The sql_alchemy_conn option in [core] has been moved to the sql_alchemy_conn option in [database] - the old setting has been used, but please update your config.
[2024-02-26T09:37:46.869+0000] {task_command.py:410} INFO - Running <TaskInstance: spark_airflow_dag.spark_submit_task manual__2024-02-26T09:37:42.375410+00:00 [running]> on host 1db92e94aa46
[2024-02-26T09:37:46.920+0000] {taskinstance.py:1547} INFO - Exporting env vars: AIRFLOW_CTX_DAG_OWNER='airflow' AIRFLOW_CTX_DAG_ID='spark_airflow_dag' AIRFLOW_CTX_TASK_ID='spark_submit_task' AIRFLOW_CTX_EXECUTION_DATE='2024-02-26T09:37:42.375410+00:00' AIRFLOW_CTX_TRY_NUMBER='1' AIRFLOW_CTX_DAG_RUN_ID='manual__2024-02-26T09:37:42.375410+00:00'
[2024-02-26T09:37:46.928+0000] {base.py:73} INFO - Using connection ID 'spark_default' for task execution.
[2024-02-26T09:37:46.935+0000] {spark_submit.py:339} INFO - Spark-Submit cmd: spark-submit --master local[*] --conf spark.master=spark://spark-master:7077 --name arrow-spark /opt/airflow/dags/spark_etl.py
[2024-02-26T09:37:47.132+0000] {spark_submit.py:490} INFO - /home/airflow/.local/lib/python3.7/site-packages/pyspark/bin/load-spark-env.sh: line 68: ps: command not found
[2024-02-26T09:37:52.384+0000] {spark_submit.py:490} INFO - 24/02/26 09:37:52 INFO SparkContext: Running Spark version 3.4.2
[2024-02-26T09:37:52.842+0000] {spark_submit.py:490} INFO - 24/02/26 09:37:52 WARN NativeCodeLoader: Unable to load native-hadoop library for your platform... using builtin-java classes where applicable
[2024-02-26T09:37:52.985+0000] {spark_submit.py:490} INFO - 24/02/26 09:37:52 INFO ResourceUtils: ==============================================================
[2024-02-26T09:37:52.986+0000] {spark_submit.py:490} INFO - 24/02/26 09:37:52 INFO ResourceUtils: No custom resources configured for spark.driver.
[2024-02-26T09:37:52.986+0000] {spark_submit.py:490} INFO - 24/02/26 09:37:52 INFO ResourceUtils: ==============================================================
[2024-02-26T09:37:52.987+0000] {spark_submit.py:490} INFO - 24/02/26 09:37:52 INFO SparkContext: Submitted application: DataExtraction
[2024-02-26T09:37:53.014+0000] {spark_submit.py:490} INFO - 24/02/26 09:37:53 INFO ResourceProfile: Default ResourceProfile created, executor resources: Map(memory -> name: memory, amount: 1024, script: , vendor: , offHeap -> name: offHeap, amount: 0, script: , vendor: ), task resources: Map(cpus -> name: cpus, amount: 1.0)
[2024-02-26T09:37:53.025+0000] {spark_submit.py:490} INFO - 24/02/26 09:37:53 INFO ResourceProfile: Limiting resource is cpu
[2024-02-26T09:37:53.025+0000] {spark_submit.py:490} INFO - 24/02/26 09:37:53 INFO ResourceProfileManager: Added ResourceProfile id: 0
[2024-02-26T09:37:53.095+0000] {spark_submit.py:490} INFO - 24/02/26 09:37:53 INFO SecurityManager: Changing view acls to: airflow
[2024-02-26T09:37:53.096+0000] {spark_submit.py:490} INFO - 24/02/26 09:37:53 INFO SecurityManager: Changing modify acls to: airflow
[2024-02-26T09:37:53.096+0000] {spark_submit.py:490} INFO - 24/02/26 09:37:53 INFO SecurityManager: Changing view acls groups to:
[2024-02-26T09:37:53.096+0000] {spark_submit.py:490} INFO - 24/02/26 09:37:53 INFO SecurityManager: Changing modify acls groups to:
[2024-02-26T09:37:53.097+0000] {spark_submit.py:490} INFO - 24/02/26 09:37:53 INFO SecurityManager: SecurityManager: authentication disabled; ui acls disabled; users with view permissions: airflow; groups with view permissions: EMPTY; users with modify permissions: airflow; groups with modify permissions: EMPTY
[2024-02-26T09:37:53.557+0000] {spark_submit.py:490} INFO - 24/02/26 09:37:53 INFO Utils: Successfully started service 'sparkDriver' on port 39615.
[2024-02-26T09:37:53.615+0000] {spark_submit.py:490} INFO - 24/02/26 09:37:53 INFO SparkEnv: Registering MapOutputTracker
[2024-02-26T09:37:53.655+0000] {spark_submit.py:490} INFO - 24/02/26 09:37:53 INFO SparkEnv: Registering BlockManagerMaster
[2024-02-26T09:37:53.786+0000] {spark_submit.py:490} INFO - 24/02/26 09:37:53 INFO BlockManagerMasterEndpoint: Using org.apache.spark.storage.DefaultTopologyMapper for getting topology information
[2024-02-26T09:37:53.793+0000] {spark_submit.py:490} INFO - 24/02/26 09:37:53 INFO BlockManagerMasterEndpoint: BlockManagerMasterEndpoint up
[2024-02-26T09:37:53.832+0000] {spark_submit.py:490} INFO - 24/02/26 09:37:53 INFO SparkEnv: Registering BlockManagerMasterHeartbeat
[2024-02-26T09:37:53.881+0000] {spark_submit.py:490} INFO - 24/02/26 09:37:53 INFO DiskBlockManager: Created local directory at /tmp/blockmgr-10e6e62b-94b8-4bcf-bafa-e10d6912d523
[2024-02-26T09:37:53.929+0000] {spark_submit.py:490} INFO - 24/02/26 09:37:53 INFO MemoryStore: MemoryStore started with capacity 434.4 MiB
[2024-02-26T09:37:53.948+0000] {spark_submit.py:490} INFO - 24/02/26 09:37:53 INFO SparkEnv: Registering OutputCommitCoordinator
[2024-02-26T09:37:54.179+0000] {spark_submit.py:490} INFO - 24/02/26 09:37:54 INFO JettyUtils: Start Jetty 0.0.0.0:4040 for SparkUI
[2024-02-26T09:37:54.321+0000] {spark_submit.py:490} INFO - 24/02/26 09:37:54 INFO Utils: Successfully started service 'SparkUI' on port 4040.
[2024-02-26T09:37:54.930+0000] {spark_submit.py:490} INFO - 24/02/26 09:37:54 INFO StandaloneAppClient$ClientEndpoint: Connecting to master spark://spark-master:7077...
[2024-02-26T09:37:55.023+0000] {spark_submit.py:490} INFO - 24/02/26 09:37:55 WARN StandaloneAppClient$ClientEndpoint: Failed to connect to master spark-master:7077
[2024-02-26T09:37:55.024+0000] {spark_submit.py:490} INFO - org.apache.spark.SparkException: Exception thrown in awaitResult:
[2024-02-26T09:37:55.025+0000] {spark_submit.py:490} INFO - at org.apache.spark.util.ThreadUtils$.awaitResult(ThreadUtils.scala:322)
[2024-02-26T09:37:55.025+0000] {spark_submit.py:490} INFO - at org.apache.spark.rpc.RpcTimeout.awaitResult(RpcTimeout.scala:75)
[2024-02-26T09:37:55.025+0000] {spark_submit.py:490} INFO - at org.apache.spark.rpc.RpcEnv.setupEndpointRefByURI(RpcEnv.scala:102)
[2024-02-26T09:37:55.025+0000] {spark_submit.py:490} INFO - at org.apache.spark.rpc.RpcEnv.setupEndpointRef(RpcEnv.scala:110)
[2024-02-26T09:37:55.025+0000] {spark_submit.py:490} INFO - at org.apache.spark.deploy.client.StandaloneAppClient$ClientEndpoint$$anon$1.run(StandaloneAppClient.scala:108)
[2024-02-26T09:37:55.026+0000] {spark_submit.py:490} INFO - at java.base/java.util.concurrent.Executors$RunnableAdapter.call(Executors.java:515)
[2024-02-26T09:37:55.026+0000] {spark_submit.py:490} INFO - at java.base/java.util.concurrent.FutureTask.run(FutureTask.java:264)
[2024-02-26T09:37:55.026+0000] {spark_submit.py:490} INFO - at java.base/java.util.concurrent.ThreadPoolExecutor.runWorker(ThreadPoolExecutor.java:1128)
[2024-02-26T09:37:55.026+0000] {spark_submit.py:490} INFO - at java.base/java.util.concurrent.ThreadPoolExecutor$Worker.run(ThreadPoolExecutor.java:628)
[2024-02-26T09:37:55.027+0000] {spark_submit.py:490} INFO - at java.base/java.lang.Thread.run(Thread.java:829)
[2024-02-26T09:37:55.027+0000] {spark_submit.py:490} INFO - Caused by: java.io.IOException: Failed to connect to spark-master:7077
[2024-02-26T09:37:55.027+0000] {spark_submit.py:490} INFO - at org.apache.spark.network.client.TransportClientFactory.createClient(TransportClientFactory.java:294)
[2024-02-26T09:37:55.027+0000] {spark_submit.py:490} INFO - at org.apache.spark.network.client.TransportClientFactory.createClient(TransportClientFactory.java:214)
[2024-02-26T09:37:55.028+0000] {spark_submit.py:490} INFO - at org.apache.spark.network.client.TransportClientFactory.createClient(TransportClientFactory.java:226)
[2024-02-26T09:37:55.028+0000] {spark_submit.py:490} INFO - at org.apache.spark.rpc.netty.NettyRpcEnv.createClient(NettyRpcEnv.scala:204)
[2024-02-26T09:37:55.028+0000] {spark_submit.py:490} INFO - at org.apache.spark.rpc.netty.Outbox$$anon$1.call(Outbox.scala:202)
[2024-02-26T09:37:55.028+0000] {spark_submit.py:490} INFO - at org.apache.spark.rpc.netty.Outbox$$anon$1.call(Outbox.scala:198)
[2024-02-26T09:37:55.028+0000] {spark_submit.py:490} INFO - ... 4 more
[2024-02-26T09:37:55.028+0000] {spark_submit.py:490} INFO - Caused by: java.net.UnknownHostException: spark-master
[2024-02-26T09:37:55.029+0000] {spark_submit.py:490} INFO - at java.base/java.net.InetAddress$CachedAddresses.get(InetAddress.java:797)
[2024-02-26T09:37:55.029+0000] {spark_submit.py:490} INFO - at java.base/java.net.InetAddress.getAllByName0(InetAddress.java:1533)
[2024-02-26T09:37:55.029+0000] {spark_submit.py:490} INFO - at java.base/java.net.InetAddress.getAllByName(InetAddress.java:1386)
[2024-02-26T09:37:55.029+0000] {spark_submit.py:490} INFO - at java.base/java.net.InetAddress.getAllByName(InetAddress.java:1307)
[2024-02-26T09:37:55.029+0000] {spark_submit.py:490} INFO - at java.base/java.net.InetAddress.getByName(InetAddress.java:1257)
[2024-02-26T09:37:55.030+0000] {spark_submit.py:490} INFO - at io.netty.util.internal.SocketUtils$8.run(SocketUtils.java:156)
[2024-02-26T09:37:55.030+0000] {spark_submit.py:490} INFO - at io.netty.util.internal.SocketUtils$8.run(SocketUtils.java:153)
[2024-02-26T09:37:55.030+0000] {spark_submit.py:490} INFO - at java.base/java.security.AccessController.doPrivileged(Native Method)
[2024-02-26T09:37:55.030+0000] {spark_submit.py:490} INFO - at io.netty.util.internal.SocketUtils.addressByName(SocketUtils.java:153)
[2024-02-26T09:37:55.031+0000] {spark_submit.py:490} INFO - at io.netty.resolver.DefaultNameResolver.doResolve(DefaultNameResolver.java:41)
[2024-02-26T09:37:55.031+0000] {spark_submit.py:490} INFO - at io.netty.resolver.SimpleNameResolver.resolve(SimpleNameResolver.java:61)
[2024-02-26T09:37:55.031+0000] {spark_submit.py:490} INFO - at io.netty.resolver.SimpleNameResolver.resolve(SimpleNameResolver.java:53)
[2024-02-26T09:37:55.031+0000] {spark_submit.py:490} INFO - at io.netty.resolver.InetSocketAddressResolver.doResolve(InetSocketAddressResolver.java:55)
[2024-02-26T09:37:55.031+0000] {spark_submit.py:490} INFO - at io.netty.resolver.InetSocketAddressResolver.doResolve(InetSocketAddressResolver.java:31)
[2024-02-26T09:37:55.031+0000] {spark_submit.py:490} INFO - at io.netty.resolver.AbstractAddressResolver.resolve(AbstractAddressResolver.java:106)
[2024-02-26T09:37:55.032+0000] {spark_submit.py:490} INFO - at io.netty.bootstrap.Bootstrap.doResolveAndConnect0(Bootstrap.java:206)
[2024-02-26T09:37:55.032+0000] {spark_submit.py:490} INFO - at io.netty.bootstrap.Bootstrap.access$000(Bootstrap.java:46)
[2024-02-26T09:37:55.032+0000] {spark_submit.py:490} INFO - at io.netty.bootstrap.Bootstrap$1.operationComplete(Bootstrap.java:180)
[2024-02-26T09:37:55.032+0000] {spark_submit.py:490} INFO - at io.netty.bootstrap.Bootstrap$1.operationComplete(Bootstrap.java:166)
[2024-02-26T09:37:55.032+0000] {spark_submit.py:490} INFO - at io.netty.util.concurrent.DefaultPromise.notifyListener0(DefaultPromise.java:590)
[2024-02-26T09:37:55.032+0000] {spark_submit.py:490} INFO - at io.netty.util.concurrent.DefaultPromise.notifyListenersNow(DefaultPromise.java:557)
[2024-02-26T09:37:55.033+0000] {spark_submit.py:490} INFO - at io.netty.util.concurrent.DefaultPromise.notifyListeners(DefaultPromise.java:492)
[2024-02-26T09:37:55.033+0000] {spark_submit.py:490} INFO - at io.netty.util.concurrent.DefaultPromise.setValue0(DefaultPromise.java:636)
[2024-02-26T09:37:55.033+0000] {spark_submit.py:490} INFO - at io.netty.util.concurrent.DefaultPromise.setSuccess0(DefaultPromise.java:625)
[2024-02-26T09:37:55.033+0000] {spark_submit.py:490} INFO - at io.netty.util.concurrent.DefaultPromise.trySuccess(DefaultPromise.java:105)
[2024-02-26T09:37:55.034+0000] {spark_submit.py:490} INFO - at io.netty.channel.DefaultChannelPromise.trySuccess(DefaultChannelPromise.java:84)
[2024-02-26T09:37:55.034+0000] {spark_submit.py:490} INFO - at io.netty.channel.AbstractChannel$AbstractUnsafe.safeSetSuccess(AbstractChannel.java:990)
[2024-02-26T09:37:55.034+0000] {spark_submit.py:490} INFO - at io.netty.channel.AbstractChannel$AbstractUnsafe.register0(AbstractChannel.java:516)
[2024-02-26T09:37:55.034+0000] {spark_submit.py:490} INFO - at io.netty.channel.AbstractChannel$AbstractUnsafe.access$200(AbstractChannel.java:429)
[2024-02-26T09:37:55.035+0000] {spark_submit.py:490} INFO - at io.netty.channel.AbstractChannel$AbstractUnsafe$1.run(AbstractChannel.java:486)
[2024-02-26T09:37:55.035+0000] {spark_submit.py:490} INFO - at io.netty.util.concurrent.AbstractEventExecutor.runTask(AbstractEventExecutor.java:174)
[2024-02-26T09:37:55.035+0000] {spark_submit.py:490} INFO - at io.netty.util.concurrent.AbstractEventExecutor.safeExecute(AbstractEventExecutor.java:167)
[2024-02-26T09:37:55.035+0000] {spark_submit.py:490} INFO - at io.netty.util.concurrent.SingleThreadEventExecutor.runAllTasks(SingleThreadEventExecutor.java:470)
[2024-02-26T09:37:55.035+0000] {spark_submit.py:490} INFO - at io.netty.channel.nio.NioEventLoop.run(NioEventLoop.java:569)
[2024-02-26T09:37:55.035+0000] {spark_submit.py:490} INFO - at io.netty.util.concurrent.SingleThreadEventExecutor$4.run(SingleThreadEventExecutor.java:997)
[2024-02-26T09:37:55.035+0000] {spark_submit.py:490} INFO - at io.netty.util.internal.ThreadExecutorMap$2.run(ThreadExecutorMap.java:74)
[2024-02-26T09:37:55.036+0000] {spark_submit.py:490} INFO - at io.netty.util.concurrent.FastThreadLocalRunnable.run(FastThreadLocalRunnable.java:30)
[2024-02-26T09:37:55.036+0000] {spark_submit.py:490} INFO - ... 1 more
[2024-02-26T09:38:14.987+0000] {spark_submit.py:490} INFO - 24/02/26 09:38:14 INFO StandaloneAppClient$ClientEndpoint: Connecting to master spark://spark-master:7077...
[2024-02-26T09:38:15.051+0000] {spark_submit.py:490} INFO - 24/02/26 09:38:15 WARN StandaloneAppClient$ClientEndpoint: Failed to connect to master spark-master:7077
[2024-02-26T09:38:15.052+0000] {spark_submit.py:490} INFO - org.apache.spark.SparkException: Exception thrown in awaitResult:
[2024-02-26T09:38:15.052+0000] {spark_submit.py:490} INFO - at org.apache.spark.util.ThreadUtils$.awaitResult(ThreadUtils.scala:322)
[2024-02-26T09:38:15.053+0000] {spark_submit.py:490} INFO - at org.apache.spark.rpc.RpcTimeout.awaitResult(RpcTimeout.scala:75)
[2024-02-26T09:38:15.053+0000] {spark_submit.py:490} INFO - at org.apache.spark.rpc.RpcEnv.setupEndpointRefByURI(RpcEnv.scala:102)
[2024-02-26T09:38:15.053+0000] {spark_submit.py:490} INFO - at org.apache.spark.rpc.RpcEnv.setupEndpointRef(RpcEnv.scala:110)
[2024-02-26T09:38:15.054+0000] {spark_submit.py:490} INFO - at org.apache.spark.deploy.client.StandaloneAppClient$ClientEndpoint$$anon$1.run(StandaloneAppClient.scala:108)
[2024-02-26T09:38:15.054+0000] {spark_submit.py:490} INFO - at java.base/java.util.concurrent.Executors$RunnableAdapter.call(Executors.java:515)
[2024-02-26T09:38:15.054+0000] {spark_submit.py:490} INFO - at java.base/java.util.concurrent.FutureTask.run(FutureTask.java:264)
[2024-02-26T09:38:15.055+0000] {spark_submit.py:490} INFO - at java.base/java.util.concurrent.ThreadPoolExecutor.runWorker(ThreadPoolExecutor.java:1128)
[2024-02-26T09:38:15.055+0000] {spark_submit.py:490} INFO - at java.base/java.util.concurrent.ThreadPoolExecutor$Worker.run(ThreadPoolExecutor.java:628)
[2024-02-26T09:38:15.055+0000] {spark_submit.py:490} INFO - at java.base/java.lang.Thread.run(Thread.java:829)
[2024-02-26T09:38:15.056+0000] {spark_submit.py:490} INFO - Caused by: java.io.IOException: Failed to connect to spark-master:7077
[2024-02-26T09:38:15.056+0000] {spark_submit.py:490} INFO - at org.apache.spark.network.client.TransportClientFactory.createClient(TransportClientFactory.java:294)
[2024-02-26T09:38:15.056+0000] {spark_submit.py:490} INFO - at org.apache.spark.network.client.TransportClientFactory.createClient(TransportClientFactory.java:214)
[2024-02-26T09:38:15.056+0000] {spark_submit.py:490} INFO - at org.apache.spark.network.client.TransportClientFactory.createClient(TransportClientFactory.java:226)
[2024-02-26T09:38:15.057+0000] {spark_submit.py:490} INFO - at org.apache.spark.rpc.netty.NettyRpcEnv.createClient(NettyRpcEnv.scala:204)
[2024-02-26T09:38:15.057+0000] {spark_submit.py:490} INFO - at org.apache.spark.rpc.netty.Outbox$$anon$1.call(Outbox.scala:202)
[2024-02-26T09:38:15.057+0000] {spark_submit.py:490} INFO - at org.apache.spark.rpc.netty.Outbox$$anon$1.call(Outbox.scala:198)
[2024-02-26T09:38:15.057+0000] {spark_submit.py:490} INFO - ... 4 more
[2024-02-26T09:38:15.058+0000] {spark_submit.py:490} INFO - Caused by: java.net.UnknownHostException: spark-master
[2024-02-26T09:38:15.058+0000] {spark_submit.py:490} INFO - at java.base/java.net.InetAddress$CachedAddresses.get(InetAddress.java:797)
[2024-02-26T09:38:15.058+0000] {spark_submit.py:490} INFO - at java.base/java.net.InetAddress.getAllByName0(InetAddress.java:1533)
[2024-02-26T09:38:15.059+0000] {spark_submit.py:490} INFO - at java.base/java.net.InetAddress.getAllByName(InetAddress.java:1386)
[2024-02-26T09:38:15.059+0000] {spark_submit.py:490} INFO - at java.base/java.net.InetAddress.getAllByName(InetAddress.java:1307)
[2024-02-26T09:38:15.059+0000] {spark_submit.py:490} INFO - at java.base/java.net.InetAddress.getByName(InetAddress.java:1257)
[2024-02-26T09:38:15.059+0000] {spark_submit.py:490} INFO - at io.netty.util.internal.SocketUtils$8.run(SocketUtils.java:156)
[2024-02-26T09:38:15.060+0000] {spark_submit.py:490} INFO - at io.netty.util.internal.SocketUtils$8.run(SocketUtils.java:153)
[2024-02-26T09:38:15.060+0000] {spark_submit.py:490} INFO - at java.base/java.security.AccessController.doPrivileged(Native Method)
[2024-02-26T09:38:15.060+0000] {spark_submit.py:490} INFO - at io.netty.util.internal.SocketUtils.addressByName(SocketUtils.java:153)
[2024-02-26T09:38:15.061+0000] {spark_submit.py:490} INFO - at io.netty.resolver.DefaultNameResolver.doResolve(DefaultNameResolver.java:41)
[2024-02-26T09:38:15.061+0000] {spark_submit.py:490} INFO - at io.netty.resolver.SimpleNameResolver.resolve(SimpleNameResolver.java:61)
[2024-02-26T09:38:15.061+0000] {spark_submit.py:490} INFO - at io.netty.resolver.SimpleNameResolver.resolve(SimpleNameResolver.java:53)
[2024-02-26T09:38:15.061+0000] {spark_submit.py:490} INFO - at io.netty.resolver.InetSocketAddressResolver.doResolve(InetSocketAddressResolver.java:55)
[2024-02-26T09:38:15.062+0000] {spark_submit.py:490} INFO - at io.netty.resolver.InetSocketAddressResolver.doResolve(InetSocketAddressResolver.java:31)
[2024-02-26T09:38:15.062+0000] {spark_submit.py:490} INFO - at io.netty.resolver.AbstractAddressResolver.resolve(AbstractAddressResolver.java:106)
[2024-02-26T09:38:15.062+0000] {spark_submit.py:490} INFO - at io.netty.bootstrap.Bootstrap.doResolveAndConnect0(Bootstrap.java:206)
[2024-02-26T09:38:15.062+0000] {spark_submit.py:490} INFO - at io.netty.bootstrap.Bootstrap.access$000(Bootstrap.java:46)
[2024-02-26T09:38:15.063+0000] {spark_submit.py:490} INFO - at io.netty.bootstrap.Bootstrap$1.operationComplete(Bootstrap.java:180)
[2024-02-26T09:38:15.063+0000] {spark_submit.py:490} INFO - at io.netty.bootstrap.Bootstrap$1.operationComplete(Bootstrap.java:166)
[2024-02-26T09:38:15.063+0000] {spark_submit.py:490} INFO - at io.netty.util.concurrent.DefaultPromise.notifyListener0(DefaultPromise.java:590)
[2024-02-26T09:38:15.064+0000] {spark_submit.py:490} INFO - at io.netty.util.concurrent.DefaultPromise.notifyListenersNow(DefaultPromise.java:557)
[2024-02-26T09:38:15.064+0000] {spark_submit.py:490} INFO - at io.netty.util.concurrent.DefaultPromise.notifyListeners(DefaultPromise.java:492)
[2024-02-26T09:38:15.064+0000] {spark_submit.py:490} INFO - at io.netty.util.concurrent.DefaultPromise.setValue0(DefaultPromise.java:636)
[2024-02-26T09:38:15.064+0000] {spark_submit.py:490} INFO - at io.netty.util.concurrent.DefaultPromise.setSuccess0(DefaultPromise.java:625)
[2024-02-26T09:38:15.064+0000] {spark_submit.py:490} INFO - at io.netty.util.concurrent.DefaultPromise.trySuccess(DefaultPromise.java:105)
[2024-02-26T09:38:15.065+0000] {spark_submit.py:490} INFO - at io.netty.channel.DefaultChannelPromise.trySuccess(DefaultChannelPromise.java:84)
[2024-02-26T09:38:15.065+0000] {spark_submit.py:490} INFO - at io.netty.channel.AbstractChannel$AbstractUnsafe.safeSetSuccess(AbstractChannel.java:990)
[2024-02-26T09:38:15.065+0000] {spark_submit.py:490} INFO - at io.netty.channel.AbstractChannel$AbstractUnsafe.register0(AbstractChannel.java:516)
[2024-02-26T09:38:15.065+0000] {spark_submit.py:490} INFO - at io.netty.channel.AbstractChannel$AbstractUnsafe.access$200(AbstractChannel.java:429)
[2024-02-26T09:38:15.065+0000] {spark_submit.py:490} INFO - at io.netty.channel.AbstractChannel$AbstractUnsafe$1.run(AbstractChannel.java:486)
[2024-02-26T09:38:15.066+0000] {spark_submit.py:490} INFO - at io.netty.util.concurrent.AbstractEventExecutor.runTask(AbstractEventExecutor.java:174)
[2024-02-26T09:38:15.066+0000] {spark_submit.py:490} INFO - at io.netty.util.concurrent.AbstractEventExecutor.safeExecute(AbstractEventExecutor.java:167)
[2024-02-26T09:38:15.066+0000] {spark_submit.py:490} INFO - at io.netty.util.concurrent.SingleThreadEventExecutor.runAllTasks(SingleThreadEventExecutor.java:470)
[2024-02-26T09:38:15.066+0000] {spark_submit.py:490} INFO - at io.netty.channel.nio.NioEventLoop.run(NioEventLoop.java:569)
[2024-02-26T09:38:15.067+0000] {spark_submit.py:490} INFO - at io.netty.util.concurrent.SingleThreadEventExecutor$4.run(SingleThreadEventExecutor.java:997)
[2024-02-26T09:38:15.067+0000] {spark_submit.py:490} INFO - at io.netty.util.internal.ThreadExecutorMap$2.run(ThreadExecutorMap.java:74)
[2024-02-26T09:38:15.067+0000] {spark_submit.py:490} INFO - at io.netty.util.concurrent.FastThreadLocalRunnable.run(FastThreadLocalRunnable.java:30)
[2024-02-26T09:38:15.067+0000] {spark_submit.py:490} INFO - ... 1 more
[2024-02-26T09:38:34.999+0000] {spark_submit.py:490} INFO - 24/02/26 09:38:34 INFO StandaloneAppClient$ClientEndpoint: Connecting to master spark://spark-master:7077...
[2024-02-26T09:38:35.044+0000] {spark_submit.py:490} INFO - 24/02/26 09:38:35 WARN StandaloneAppClient$ClientEndpoint: Failed to connect to master spark-master:7077
[2024-02-26T09:38:35.044+0000] {spark_submit.py:490} INFO - org.apache.spark.SparkException: Exception thrown in awaitResult:
[2024-02-26T09:38:35.044+0000] {spark_submit.py:490} INFO - at org.apache.spark.util.ThreadUtils$.awaitResult(ThreadUtils.scala:322)
[2024-02-26T09:38:35.045+0000] {spark_submit.py:490} INFO - at org.apache.spark.rpc.RpcTimeout.awaitResult(RpcTimeout.scala:75)
[2024-02-26T09:38:35.045+0000] {spark_submit.py:490} INFO - at org.apache.spark.rpc.RpcEnv.setupEndpointRefByURI(RpcEnv.scala:102)
[2024-02-26T09:38:35.045+0000] {spark_submit.py:490} INFO - at org.apache.spark.rpc.RpcEnv.setupEndpointRef(RpcEnv.scala:110)
[2024-02-26T09:38:35.045+0000] {spark_submit.py:490} INFO - at org.apache.spark.deploy.client.StandaloneAppClient$ClientEndpoint$$anon$1.run(StandaloneAppClient.scala:108)
[2024-02-26T09:38:35.046+0000] {spark_submit.py:490} INFO - at java.base/java.util.concurrent.Executors$RunnableAdapter.call(Executors.java:515)
[2024-02-26T09:38:35.046+0000] {spark_submit.py:490} INFO - at java.base/java.util.concurrent.FutureTask.run(FutureTask.java:264)
[2024-02-26T09:38:35.046+0000] {spark_submit.py:490} INFO - at java.base/java.util.concurrent.ThreadPoolExecutor.runWorker(ThreadPoolExecutor.java:1128)
[2024-02-26T09:38:35.047+0000] {spark_submit.py:490} INFO - at java.base/java.util.concurrent.ThreadPoolExecutor$Worker.run(ThreadPoolExecutor.java:628)
[2024-02-26T09:38:35.047+0000] {spark_submit.py:490} INFO - at java.base/java.lang.Thread.run(Thread.java:829)
[2024-02-26T09:38:35.047+0000] {spark_submit.py:490} INFO - Caused by: java.io.IOException: Failed to connect to spark-master:7077
[2024-02-26T09:38:35.047+0000] {spark_submit.py:490} INFO - at org.apache.spark.network.client.TransportClientFactory.createClient(TransportClientFactory.java:294)
[2024-02-26T09:38:35.047+0000] {spark_submit.py:490} INFO - at org.apache.spark.network.client.TransportClientFactory.createClient(TransportClientFactory.java:214)
[2024-02-26T09:38:35.047+0000] {spark_submit.py:490} INFO - at org.apache.spark.network.client.TransportClientFactory.createClient(TransportClientFactory.java:226)
[2024-02-26T09:38:35.048+0000] {spark_submit.py:490} INFO - at org.apache.spark.rpc.netty.NettyRpcEnv.createClient(NettyRpcEnv.scala:204)
[2024-02-26T09:38:35.048+0000] {spark_submit.py:490} INFO - at org.apache.spark.rpc.netty.Outbox$$anon$1.call(Outbox.scala:202)
[2024-02-26T09:38:35.048+0000] {spark_submit.py:490} INFO - at org.apache.spark.rpc.netty.Outbox$$anon$1.call(Outbox.scala:198)
[2024-02-26T09:38:35.048+0000] {spark_submit.py:490} INFO - ... 4 more
[2024-02-26T09:38:35.048+0000] {spark_submit.py:490} INFO - Caused by: java.net.UnknownHostException: spark-master
[2024-02-26T09:38:35.048+0000] {spark_submit.py:490} INFO - at java.base/java.net.InetAddress$CachedAddresses.get(InetAddress.java:797)
[2024-02-26T09:38:35.049+0000] {spark_submit.py:490} INFO - at java.base/java.net.InetAddress.getAllByName0(InetAddress.java:1533)
[2024-02-26T09:38:35.049+0000] {spark_submit.py:490} INFO - at java.base/java.net.InetAddress.getAllByName(InetAddress.java:1386)
[2024-02-26T09:38:35.049+0000] {spark_submit.py:490} INFO - at java.base/java.net.InetAddress.getAllByName(InetAddress.java:1307)
[2024-02-26T09:38:35.050+0000] {spark_submit.py:490} INFO - at java.base/java.net.InetAddress.getByName(InetAddress.java:1257)
[2024-02-26T09:38:35.050+0000] {spark_submit.py:490} INFO - at io.netty.util.internal.SocketUtils$8.run(SocketUtils.java:156)
[2024-02-26T09:38:35.050+0000] {spark_submit.py:490} INFO - at io.netty.util.internal.SocketUtils$8.run(SocketUtils.java:153)
[2024-02-26T09:38:35.050+0000] {spark_submit.py:490} INFO - at java.base/java.security.AccessController.doPrivileged(Native Method)
[2024-02-26T09:38:35.051+0000] {spark_submit.py:490} INFO - at io.netty.util.internal.SocketUtils.addressByName(SocketUtils.java:153)
[2024-02-26T09:38:35.051+0000] {spark_submit.py:490} INFO - at io.netty.resolver.DefaultNameResolver.doResolve(DefaultNameResolver.java:41)
[2024-02-26T09:38:35.051+0000] {spark_submit.py:490} INFO - at io.netty.resolver.SimpleNameResolver.resolve(SimpleNameResolver.java:61)
[2024-02-26T09:38:35.051+0000] {spark_submit.py:490} INFO - at io.netty.resolver.SimpleNameResolver.resolve(SimpleNameResolver.java:53)
[2024-02-26T09:38:35.051+0000] {spark_submit.py:490} INFO - at io.netty.resolver.InetSocketAddressResolver.doResolve(InetSocketAddressResolver.java:55)
[2024-02-26T09:38:35.051+0000] {spark_submit.py:490} INFO - at io.netty.resolver.InetSocketAddressResolver.doResolve(InetSocketAddressResolver.java:31)
[2024-02-26T09:38:35.051+0000] {spark_submit.py:490} INFO - at io.netty.resolver.AbstractAddressResolver.resolve(AbstractAddressResolver.java:106)
[2024-02-26T09:38:35.052+0000] {spark_submit.py:490} INFO - at io.netty.bootstrap.Bootstrap.doResolveAndConnect0(Bootstrap.java:206)
[2024-02-26T09:38:35.052+0000] {spark_submit.py:490} INFO - at io.netty.bootstrap.Bootstrap.access$000(Bootstrap.java:46)
[2024-02-26T09:38:35.052+0000] {spark_submit.py:490} INFO - at io.netty.bootstrap.Bootstrap$1.operationComplete(Bootstrap.java:180)
[2024-02-26T09:38:35.052+0000] {spark_submit.py:490} INFO - at io.netty.bootstrap.Bootstrap$1.operationComplete(Bootstrap.java:166)
[2024-02-26T09:38:35.052+0000] {spark_submit.py:490} INFO - at io.netty.util.concurrent.DefaultPromise.notifyListener0(DefaultPromise.java:590)
[2024-02-26T09:38:35.053+0000] {spark_submit.py:490} INFO - at io.netty.util.concurrent.DefaultPromise.notifyListenersNow(DefaultPromise.java:557)
[2024-02-26T09:38:35.053+0000] {spark_submit.py:490} INFO - at io.netty.util.concurrent.DefaultPromise.notifyListeners(DefaultPromise.java:492)
[2024-02-26T09:38:35.053+0000] {spark_submit.py:490} INFO - at io.netty.util.concurrent.DefaultPromise.setValue0(DefaultPromise.java:636)
[2024-02-26T09:38:35.053+0000] {spark_submit.py:490} INFO - at io.netty.util.concurrent.DefaultPromise.setSuccess0(DefaultPromise.java:625)
[2024-02-26T09:38:35.054+0000] {spark_submit.py:490} INFO - at io.netty.util.concurrent.DefaultPromise.trySuccess(DefaultPromise.java:105)
[2024-02-26T09:38:35.054+0000] {spark_submit.py:490} INFO - at io.netty.channel.DefaultChannelPromise.trySuccess(DefaultChannelPromise.java:84)
[2024-02-26T09:38:35.054+0000] {spark_submit.py:490} INFO - at io.netty.channel.AbstractChannel$AbstractUnsafe.safeSetSuccess(AbstractChannel.java:990)
[2024-02-26T09:38:35.055+0000] {spark_submit.py:490} INFO - at io.netty.channel.AbstractChannel$AbstractUnsafe.register0(AbstractChannel.java:516)
[2024-02-26T09:38:35.055+0000] {spark_submit.py:490} INFO - at io.netty.channel.AbstractChannel$AbstractUnsafe.access$200(AbstractChannel.java:429)
[2024-02-26T09:38:35.055+0000] {spark_submit.py:490} INFO - at io.netty.channel.AbstractChannel$AbstractUnsafe$1.run(AbstractChannel.java:486)
[2024-02-26T09:38:35.055+0000] {spark_submit.py:490} INFO - at io.netty.util.concurrent.AbstractEventExecutor.runTask(AbstractEventExecutor.java:174)
[2024-02-26T09:38:35.055+0000] {spark_submit.py:490} INFO - at io.netty.util.concurrent.AbstractEventExecutor.safeExecute(AbstractEventExecutor.java:167)
[2024-02-26T09:38:35.056+0000] {spark_submit.py:490} INFO - at io.netty.util.concurrent.SingleThreadEventExecutor.runAllTasks(SingleThreadEventExecutor.java:470)
[2024-02-26T09:38:35.056+0000] {spark_submit.py:490} INFO - at io.netty.channel.nio.NioEventLoop.run(NioEventLoop.java:569)
[2024-02-26T09:38:35.056+0000] {spark_submit.py:490} INFO - at io.netty.util.concurrent.SingleThreadEventExecutor$4.run(SingleThreadEventExecutor.java:997)
[2024-02-26T09:38:35.056+0000] {spark_submit.py:490} INFO - at io.netty.util.internal.ThreadExecutorMap$2.run(ThreadExecutorMap.java:74)
[2024-02-26T09:38:35.056+0000] {spark_submit.py:490} INFO - at io.netty.util.concurrent.FastThreadLocalRunnable.run(FastThreadLocalRunnable.java:30)
[2024-02-26T09:38:35.056+0000] {spark_submit.py:490} INFO - ... 1 more
[2024-02-26T09:38:55.069+0000] {spark_submit.py:490} INFO - 24/02/26 09:38:55 WARN StandaloneSchedulerBackend: Application ID is not initialized yet.
[2024-02-26T09:38:55.094+0000] {spark_submit.py:490} INFO - 24/02/26 09:38:55 ERROR StandaloneSchedulerBackend: Application has been killed. Reason: All masters are unresponsive! Giving up.
[2024-02-26T09:38:55.124+0000] {spark_submit.py:490} INFO - 24/02/26 09:38:55 INFO Utils: Successfully started service 'org.apache.spark.network.netty.NettyBlockTransferService' on port 46783.
[2024-02-26T09:38:55.140+0000] {spark_submit.py:490} INFO - 24/02/26 09:38:55 INFO NettyBlockTransferService: Server created on 1db92e94aa46:46783
[2024-02-26T09:38:55.140+0000] {spark_submit.py:490} INFO - 24/02/26 09:38:55 INFO BlockManager: Using org.apache.spark.storage.RandomBlockReplicationPolicy for block replication policy
[2024-02-26T09:38:55.174+0000] {spark_submit.py:490} INFO - 24/02/26 09:38:55 INFO BlockManagerMaster: Registering BlockManager BlockManagerId(driver, 1db92e94aa46, 46783, None)
[2024-02-26T09:38:55.193+0000] {spark_submit.py:490} INFO - 24/02/26 09:38:55 INFO BlockManagerMasterEndpoint: Registering block manager 1db92e94aa46:46783 with 434.4 MiB RAM, BlockManagerId(driver, 1db92e94aa46, 46783, None)
[2024-02-26T09:38:55.196+0000] {spark_submit.py:490} INFO - 24/02/26 09:38:55 INFO BlockManagerMaster: Registered BlockManager BlockManagerId(driver, 1db92e94aa46, 46783, None)
[2024-02-26T09:38:55.198+0000] {spark_submit.py:490} INFO - 24/02/26 09:38:55 INFO BlockManager: Initialized BlockManager: BlockManagerId(driver, 1db92e94aa46, 46783, None)
[2024-02-26T09:38:55.670+0000] {spark_submit.py:490} INFO - 24/02/26 09:38:55 INFO StandaloneSchedulerBackend: SchedulerBackend is ready for scheduling beginning after reached minRegisteredResourcesRatio: 0.0
[2024-02-26T09:38:55.762+0000] {spark_submit.py:490} INFO - /home/airflow/.local/lib/python3.7/site-packages/pyspark/python/lib/pyspark.zip/pyspark/context.py:317: FutureWarning: Python 3.7 support is deprecated in Spark 3.4.
[2024-02-26T09:38:55.763+0000] {spark_submit.py:490} INFO - warnings.warn("Python 3.7 support is deprecated in Spark 3.4.", FutureWarning)
[2024-02-26T09:41:03.810+0000] {local_task_job_runner.py:292} WARNING - State of this instance has been externally set to success. Terminating instance.
[2024-02-26T09:41:03.806+0000] {spark_submit.py:490} INFO - Traceback (most recent call last):
[2024-02-26T09:41:03.894+0000] {spark_submit.py:490} INFO - File "/home/airflow/.local/lib/python3.7/site-packages/urllib3/connectionpool.py", line 710, in urlopen
[2024-02-26T09:41:04.095+0000] {process_utils.py:135} INFO - Sending Signals.SIGTERM to group 4456. PIDs of all processes in the group: [4457, 4503, 4456]
[2024-02-26T09:41:04.096+0000] {process_utils.py:86} INFO - Sending the signal Signals.SIGTERM to group 4456
[2024-02-26T09:41:04.103+0000] {taskinstance.py:1517} ERROR - Received SIGTERM. Terminating subprocesses.
[2024-02-26T09:41:04.135+0000] {spark_submit.py:615} INFO - Sending kill signal to spark-submit
[2024-02-26T09:41:04.826+0000] {process_utils.py:79} INFO - Process psutil.Process(pid=4503, status='terminated', started='09:37:50') (4503) terminated with exit code None
[2024-02-26T09:41:04.834+0000] {process_utils.py:79} INFO - Process psutil.Process(pid=4457, status='terminated', started='09:37:46') (4457) terminated with exit code None
[2024-02-26T09:41:04.834+0000] {process_utils.py:79} INFO - Process psutil.Process(pid=4456, status='terminated', exitcode=0, started='09:37:45') (4456) terminated with exit code 0
