[2024-02-26T00:08:13.086+0000] {logging_mixin.py:150} WARNING - /home/airflow/.local/lib/python3.7/site-packages/airflow/utils/sqlalchemy.py:124 DeprecationWarning: The sql_alchemy_conn option in [core] has been moved to the sql_alchemy_conn option in [database] - the old setting has been used, but please update your config.
[2024-02-26T00:08:14.421+0000] {taskinstance.py:1103} INFO - Dependencies all met for dep_context=non-requeueable deps ti=<TaskInstance: spark_airflow_dag.spark_submit_task scheduled__2024-02-25T00:00:00+00:00 [queued]>
[2024-02-26T00:08:14.430+0000] {taskinstance.py:1103} INFO - Dependencies all met for dep_context=requeueable deps ti=<TaskInstance: spark_airflow_dag.spark_submit_task scheduled__2024-02-25T00:00:00+00:00 [queued]>
[2024-02-26T00:08:14.431+0000] {taskinstance.py:1308} INFO - Starting attempt 1 of 1
[2024-02-26T00:08:14.443+0000] {taskinstance.py:1327} INFO - Executing <Task(SparkSubmitOperator): spark_submit_task> on 2024-02-25 00:00:00+00:00
[2024-02-26T00:08:14.452+0000] {standard_task_runner.py:57} INFO - Started process 906 to run task
[2024-02-26T00:08:14.454+0000] {standard_task_runner.py:84} INFO - Running: ['airflow', 'tasks', 'run', 'spark_airflow_dag', 'spark_submit_task', 'scheduled__2024-02-25T00:00:00+00:00', '--job-id', '5', '--raw', '--subdir', 'DAGS_FOLDER/spark_etl_dag.py', '--cfg-path', '/tmp/tmpk7vb96fs']
[2024-02-26T00:08:14.455+0000] {standard_task_runner.py:85} INFO - Job 5: Subtask spark_submit_task
[2024-02-26T00:08:14.488+0000] {logging_mixin.py:150} WARNING - /home/airflow/.local/lib/python3.7/site-packages/airflow/settings.py:195 DeprecationWarning: The sql_alchemy_conn option in [core] has been moved to the sql_alchemy_conn option in [database] - the old setting has been used, but please update your config.
[2024-02-26T00:08:14.566+0000] {task_command.py:410} INFO - Running <TaskInstance: spark_airflow_dag.spark_submit_task scheduled__2024-02-25T00:00:00+00:00 [running]> on host 1db92e94aa46
[2024-02-26T00:08:14.581+0000] {logging_mixin.py:150} WARNING - /home/airflow/.local/lib/python3.7/site-packages/airflow/utils/sqlalchemy.py:124 DeprecationWarning: The sql_alchemy_conn option in [core] has been moved to the sql_alchemy_conn option in [database] - the old setting has been used, but please update your config.
[2024-02-26T00:08:14.698+0000] {taskinstance.py:1547} INFO - Exporting env vars: AIRFLOW_CTX_DAG_OWNER='airflow' AIRFLOW_CTX_DAG_ID='spark_airflow_dag' AIRFLOW_CTX_TASK_ID='spark_submit_task' AIRFLOW_CTX_EXECUTION_DATE='2024-02-25T00:00:00+00:00' AIRFLOW_CTX_TRY_NUMBER='1' AIRFLOW_CTX_DAG_RUN_ID='scheduled__2024-02-25T00:00:00+00:00'
[2024-02-26T00:08:14.754+0000] {base.py:73} INFO - Using connection ID 'spark_default' for task execution.
[2024-02-26T00:08:14.783+0000] {spark_submit.py:339} INFO - Spark-Submit cmd: spark-submit --master spark://2bd2270b4c4b:7077 --conf spark.master=spark://spark-master:7077 --name arrow-spark /opt/airflow/dags/spark_etl.py
[2024-02-26T00:08:15.470+0000] {spark_submit.py:490} INFO - /home/airflow/.local/lib/python3.7/site-packages/pyspark/bin/load-spark-env.sh: line 68: ps: command not found
[2024-02-26T00:10:00.606+0000] {spark_submit.py:490} INFO - 24/02/26 00:10:00 INFO SparkContext: Running Spark version 3.4.2
[2024-02-26T00:10:00.797+0000] {spark_submit.py:490} INFO - 24/02/26 00:10:00 WARN NativeCodeLoader: Unable to load native-hadoop library for your platform... using builtin-java classes where applicable
[2024-02-26T00:10:00.906+0000] {spark_submit.py:490} INFO - 24/02/26 00:10:00 INFO ResourceUtils: ==============================================================
[2024-02-26T00:10:00.907+0000] {spark_submit.py:490} INFO - 24/02/26 00:10:00 INFO ResourceUtils: No custom resources configured for spark.driver.
[2024-02-26T00:10:00.907+0000] {spark_submit.py:490} INFO - 24/02/26 00:10:00 INFO ResourceUtils: ==============================================================
[2024-02-26T00:10:00.908+0000] {spark_submit.py:490} INFO - 24/02/26 00:10:00 INFO SparkContext: Submitted application: DataExtraction
[2024-02-26T00:10:00.925+0000] {spark_submit.py:490} INFO - 24/02/26 00:10:00 INFO ResourceProfile: Default ResourceProfile created, executor resources: Map(memory -> name: memory, amount: 1024, script: , vendor: , offHeap -> name: offHeap, amount: 0, script: , vendor: ), task resources: Map(cpus -> name: cpus, amount: 1.0)
[2024-02-26T00:10:00.938+0000] {spark_submit.py:490} INFO - 24/02/26 00:10:00 INFO ResourceProfile: Limiting resource is cpu
[2024-02-26T00:10:00.938+0000] {spark_submit.py:490} INFO - 24/02/26 00:10:00 INFO ResourceProfileManager: Added ResourceProfile id: 0
[2024-02-26T00:10:01.000+0000] {spark_submit.py:490} INFO - 24/02/26 00:10:01 INFO SecurityManager: Changing view acls to: airflow
[2024-02-26T00:10:01.001+0000] {spark_submit.py:490} INFO - 24/02/26 00:10:01 INFO SecurityManager: Changing modify acls to: airflow
[2024-02-26T00:10:01.001+0000] {spark_submit.py:490} INFO - 24/02/26 00:10:01 INFO SecurityManager: Changing view acls groups to:
[2024-02-26T00:10:01.002+0000] {spark_submit.py:490} INFO - 24/02/26 00:10:01 INFO SecurityManager: Changing modify acls groups to:
[2024-02-26T00:10:01.002+0000] {spark_submit.py:490} INFO - 24/02/26 00:10:01 INFO SecurityManager: SecurityManager: authentication disabled; ui acls disabled; users with view permissions: airflow; groups with view permissions: EMPTY; users with modify permissions: airflow; groups with modify permissions: EMPTY
[2024-02-26T00:10:01.356+0000] {spark_submit.py:490} INFO - 24/02/26 00:10:01 INFO Utils: Successfully started service 'sparkDriver' on port 42887.
[2024-02-26T00:10:01.392+0000] {spark_submit.py:490} INFO - 24/02/26 00:10:01 INFO SparkEnv: Registering MapOutputTracker
[2024-02-26T00:10:01.467+0000] {spark_submit.py:490} INFO - 24/02/26 00:10:01 INFO SparkEnv: Registering BlockManagerMaster
[2024-02-26T00:10:01.489+0000] {spark_submit.py:490} INFO - 24/02/26 00:10:01 INFO BlockManagerMasterEndpoint: Using org.apache.spark.storage.DefaultTopologyMapper for getting topology information
[2024-02-26T00:10:01.490+0000] {spark_submit.py:490} INFO - 24/02/26 00:10:01 INFO BlockManagerMasterEndpoint: BlockManagerMasterEndpoint up
[2024-02-26T00:10:01.494+0000] {spark_submit.py:490} INFO - 24/02/26 00:10:01 INFO SparkEnv: Registering BlockManagerMasterHeartbeat
[2024-02-26T00:10:01.537+0000] {spark_submit.py:490} INFO - 24/02/26 00:10:01 INFO DiskBlockManager: Created local directory at /tmp/blockmgr-9100dafa-f90e-4e05-a224-698d77be297f
[2024-02-26T00:10:01.555+0000] {spark_submit.py:490} INFO - 24/02/26 00:10:01 INFO MemoryStore: MemoryStore started with capacity 434.4 MiB
[2024-02-26T00:10:01.574+0000] {spark_submit.py:490} INFO - 24/02/26 00:10:01 INFO SparkEnv: Registering OutputCommitCoordinator
[2024-02-26T00:10:02.027+0000] {spark_submit.py:490} INFO - 24/02/26 00:10:02 INFO JettyUtils: Start Jetty 0.0.0.0:4040 for SparkUI
[2024-02-26T00:10:02.655+0000] {spark_submit.py:490} INFO - 24/02/26 00:10:02 INFO Utils: Successfully started service 'SparkUI' on port 4040.
[2024-02-26T00:10:02.890+0000] {spark_submit.py:490} INFO - 24/02/26 00:10:02 INFO StandaloneAppClient$ClientEndpoint: Connecting to master spark://spark-master:7077...
[2024-02-26T00:10:03.014+0000] {spark_submit.py:490} INFO - 24/02/26 00:10:03 WARN StandaloneAppClient$ClientEndpoint: Failed to connect to master spark-master:7077
[2024-02-26T00:10:03.014+0000] {spark_submit.py:490} INFO - org.apache.spark.SparkException: Exception thrown in awaitResult:
[2024-02-26T00:10:03.015+0000] {spark_submit.py:490} INFO - at org.apache.spark.util.ThreadUtils$.awaitResult(ThreadUtils.scala:322)
[2024-02-26T00:10:03.015+0000] {spark_submit.py:490} INFO - at org.apache.spark.rpc.RpcTimeout.awaitResult(RpcTimeout.scala:75)
[2024-02-26T00:10:03.015+0000] {spark_submit.py:490} INFO - at org.apache.spark.rpc.RpcEnv.setupEndpointRefByURI(RpcEnv.scala:102)
[2024-02-26T00:10:03.016+0000] {spark_submit.py:490} INFO - at org.apache.spark.rpc.RpcEnv.setupEndpointRef(RpcEnv.scala:110)
[2024-02-26T00:10:03.016+0000] {spark_submit.py:490} INFO - at org.apache.spark.deploy.client.StandaloneAppClient$ClientEndpoint$$anon$1.run(StandaloneAppClient.scala:108)
[2024-02-26T00:10:03.017+0000] {spark_submit.py:490} INFO - at java.base/java.util.concurrent.Executors$RunnableAdapter.call(Executors.java:515)
[2024-02-26T00:10:03.017+0000] {spark_submit.py:490} INFO - at java.base/java.util.concurrent.FutureTask.run(FutureTask.java:264)
[2024-02-26T00:10:03.017+0000] {spark_submit.py:490} INFO - at java.base/java.util.concurrent.ThreadPoolExecutor.runWorker(ThreadPoolExecutor.java:1128)
[2024-02-26T00:10:03.018+0000] {spark_submit.py:490} INFO - at java.base/java.util.concurrent.ThreadPoolExecutor$Worker.run(ThreadPoolExecutor.java:628)
[2024-02-26T00:10:03.018+0000] {spark_submit.py:490} INFO - at java.base/java.lang.Thread.run(Thread.java:829)
[2024-02-26T00:10:03.018+0000] {spark_submit.py:490} INFO - Caused by: java.io.IOException: Failed to connect to spark-master:7077
[2024-02-26T00:10:03.018+0000] {spark_submit.py:490} INFO - at org.apache.spark.network.client.TransportClientFactory.createClient(TransportClientFactory.java:294)
[2024-02-26T00:10:03.019+0000] {spark_submit.py:490} INFO - at org.apache.spark.network.client.TransportClientFactory.createClient(TransportClientFactory.java:214)
[2024-02-26T00:10:03.019+0000] {spark_submit.py:490} INFO - at org.apache.spark.network.client.TransportClientFactory.createClient(TransportClientFactory.java:226)
[2024-02-26T00:10:03.020+0000] {spark_submit.py:490} INFO - at org.apache.spark.rpc.netty.NettyRpcEnv.createClient(NettyRpcEnv.scala:204)
[2024-02-26T00:10:03.020+0000] {spark_submit.py:490} INFO - at org.apache.spark.rpc.netty.Outbox$$anon$1.call(Outbox.scala:202)
[2024-02-26T00:10:03.020+0000] {spark_submit.py:490} INFO - at org.apache.spark.rpc.netty.Outbox$$anon$1.call(Outbox.scala:198)
[2024-02-26T00:10:03.021+0000] {spark_submit.py:490} INFO - ... 4 more
[2024-02-26T00:10:03.021+0000] {spark_submit.py:490} INFO - Caused by: java.net.UnknownHostException: spark-master
[2024-02-26T00:10:03.022+0000] {spark_submit.py:490} INFO - at java.base/java.net.InetAddress$CachedAddresses.get(InetAddress.java:797)
[2024-02-26T00:10:03.022+0000] {spark_submit.py:490} INFO - at java.base/java.net.InetAddress.getAllByName0(InetAddress.java:1533)
[2024-02-26T00:10:03.022+0000] {spark_submit.py:490} INFO - at java.base/java.net.InetAddress.getAllByName(InetAddress.java:1386)
[2024-02-26T00:10:03.023+0000] {spark_submit.py:490} INFO - at java.base/java.net.InetAddress.getAllByName(InetAddress.java:1307)
[2024-02-26T00:10:03.023+0000] {spark_submit.py:490} INFO - at java.base/java.net.InetAddress.getByName(InetAddress.java:1257)
[2024-02-26T00:10:03.023+0000] {spark_submit.py:490} INFO - at io.netty.util.internal.SocketUtils$8.run(SocketUtils.java:156)
[2024-02-26T00:10:03.023+0000] {spark_submit.py:490} INFO - at io.netty.util.internal.SocketUtils$8.run(SocketUtils.java:153)
[2024-02-26T00:10:03.023+0000] {spark_submit.py:490} INFO - at java.base/java.security.AccessController.doPrivileged(Native Method)
[2024-02-26T00:10:03.024+0000] {spark_submit.py:490} INFO - at io.netty.util.internal.SocketUtils.addressByName(SocketUtils.java:153)
[2024-02-26T00:10:03.024+0000] {spark_submit.py:490} INFO - at io.netty.resolver.DefaultNameResolver.doResolve(DefaultNameResolver.java:41)
[2024-02-26T00:10:03.024+0000] {spark_submit.py:490} INFO - at io.netty.resolver.SimpleNameResolver.resolve(SimpleNameResolver.java:61)
[2024-02-26T00:10:03.025+0000] {spark_submit.py:490} INFO - at io.netty.resolver.SimpleNameResolver.resolve(SimpleNameResolver.java:53)
[2024-02-26T00:10:03.025+0000] {spark_submit.py:490} INFO - at io.netty.resolver.InetSocketAddressResolver.doResolve(InetSocketAddressResolver.java:55)
[2024-02-26T00:10:03.025+0000] {spark_submit.py:490} INFO - at io.netty.resolver.InetSocketAddressResolver.doResolve(InetSocketAddressResolver.java:31)
[2024-02-26T00:10:03.025+0000] {spark_submit.py:490} INFO - at io.netty.resolver.AbstractAddressResolver.resolve(AbstractAddressResolver.java:106)
[2024-02-26T00:10:03.025+0000] {spark_submit.py:490} INFO - at io.netty.bootstrap.Bootstrap.doResolveAndConnect0(Bootstrap.java:206)
[2024-02-26T00:10:03.026+0000] {spark_submit.py:490} INFO - at io.netty.bootstrap.Bootstrap.access$000(Bootstrap.java:46)
[2024-02-26T00:10:03.026+0000] {spark_submit.py:490} INFO - at io.netty.bootstrap.Bootstrap$1.operationComplete(Bootstrap.java:180)
[2024-02-26T00:10:03.026+0000] {spark_submit.py:490} INFO - at io.netty.bootstrap.Bootstrap$1.operationComplete(Bootstrap.java:166)
[2024-02-26T00:10:03.026+0000] {spark_submit.py:490} INFO - at io.netty.util.concurrent.DefaultPromise.notifyListener0(DefaultPromise.java:590)
[2024-02-26T00:10:03.026+0000] {spark_submit.py:490} INFO - at io.netty.util.concurrent.DefaultPromise.notifyListenersNow(DefaultPromise.java:557)
[2024-02-26T00:10:03.026+0000] {spark_submit.py:490} INFO - at io.netty.util.concurrent.DefaultPromise.notifyListeners(DefaultPromise.java:492)
[2024-02-26T00:10:03.027+0000] {spark_submit.py:490} INFO - at io.netty.util.concurrent.DefaultPromise.setValue0(DefaultPromise.java:636)
[2024-02-26T00:10:03.027+0000] {spark_submit.py:490} INFO - at io.netty.util.concurrent.DefaultPromise.setSuccess0(DefaultPromise.java:625)
[2024-02-26T00:10:03.027+0000] {spark_submit.py:490} INFO - at io.netty.util.concurrent.DefaultPromise.trySuccess(DefaultPromise.java:105)
[2024-02-26T00:10:03.027+0000] {spark_submit.py:490} INFO - at io.netty.channel.DefaultChannelPromise.trySuccess(DefaultChannelPromise.java:84)
[2024-02-26T00:10:03.028+0000] {spark_submit.py:490} INFO - at io.netty.channel.AbstractChannel$AbstractUnsafe.safeSetSuccess(AbstractChannel.java:990)
[2024-02-26T00:10:03.028+0000] {spark_submit.py:490} INFO - at io.netty.channel.AbstractChannel$AbstractUnsafe.register0(AbstractChannel.java:516)
[2024-02-26T00:10:03.028+0000] {spark_submit.py:490} INFO - at io.netty.channel.AbstractChannel$AbstractUnsafe.access$200(AbstractChannel.java:429)
[2024-02-26T00:10:03.028+0000] {spark_submit.py:490} INFO - at io.netty.channel.AbstractChannel$AbstractUnsafe$1.run(AbstractChannel.java:486)
[2024-02-26T00:10:03.029+0000] {spark_submit.py:490} INFO - at io.netty.util.concurrent.AbstractEventExecutor.runTask(AbstractEventExecutor.java:174)
[2024-02-26T00:10:03.029+0000] {spark_submit.py:490} INFO - at io.netty.util.concurrent.AbstractEventExecutor.safeExecute(AbstractEventExecutor.java:167)
[2024-02-26T00:10:03.029+0000] {spark_submit.py:490} INFO - at io.netty.util.concurrent.SingleThreadEventExecutor.runAllTasks(SingleThreadEventExecutor.java:470)
[2024-02-26T00:10:03.030+0000] {spark_submit.py:490} INFO - at io.netty.channel.nio.NioEventLoop.run(NioEventLoop.java:569)
[2024-02-26T00:10:03.030+0000] {spark_submit.py:490} INFO - at io.netty.util.concurrent.SingleThreadEventExecutor$4.run(SingleThreadEventExecutor.java:997)
[2024-02-26T00:10:03.045+0000] {spark_submit.py:490} INFO - at io.netty.util.internal.ThreadExecutorMap$2.run(ThreadExecutorMap.java:74)
[2024-02-26T00:10:03.046+0000] {spark_submit.py:490} INFO - at io.netty.util.concurrent.FastThreadLocalRunnable.run(FastThreadLocalRunnable.java:30)
[2024-02-26T00:10:03.046+0000] {spark_submit.py:490} INFO - ... 1 more
[2024-02-26T00:17:03.699+0000] {spark_submit.py:490} INFO - 24/02/26 00:17:03 INFO StandaloneAppClient$ClientEndpoint: Connecting to master spark://spark-master:7077...
[2024-02-26T00:17:03.750+0000] {spark_submit.py:490} INFO - 24/02/26 00:17:03 WARN StandaloneAppClient$ClientEndpoint: Failed to connect to master spark-master:7077
[2024-02-26T00:17:03.752+0000] {spark_submit.py:490} INFO - org.apache.spark.SparkException: Exception thrown in awaitResult:
[2024-02-26T00:17:03.753+0000] {spark_submit.py:490} INFO - at org.apache.spark.util.ThreadUtils$.awaitResult(ThreadUtils.scala:322)
[2024-02-26T00:17:03.753+0000] {spark_submit.py:490} INFO - at org.apache.spark.rpc.RpcTimeout.awaitResult(RpcTimeout.scala:75)
[2024-02-26T00:17:03.753+0000] {spark_submit.py:490} INFO - at org.apache.spark.rpc.RpcEnv.setupEndpointRefByURI(RpcEnv.scala:102)
[2024-02-26T00:17:03.753+0000] {spark_submit.py:490} INFO - at org.apache.spark.rpc.RpcEnv.setupEndpointRef(RpcEnv.scala:110)
[2024-02-26T00:17:03.753+0000] {spark_submit.py:490} INFO - at org.apache.spark.deploy.client.StandaloneAppClient$ClientEndpoint$$anon$1.run(StandaloneAppClient.scala:108)
[2024-02-26T00:17:03.753+0000] {spark_submit.py:490} INFO - at java.base/java.util.concurrent.Executors$RunnableAdapter.call(Executors.java:515)
[2024-02-26T00:17:03.753+0000] {spark_submit.py:490} INFO - at java.base/java.util.concurrent.FutureTask.run(FutureTask.java:264)
[2024-02-26T00:17:03.754+0000] {spark_submit.py:490} INFO - at java.base/java.util.concurrent.ThreadPoolExecutor.runWorker(ThreadPoolExecutor.java:1128)
[2024-02-26T00:17:03.754+0000] {spark_submit.py:490} INFO - at java.base/java.util.concurrent.ThreadPoolExecutor$Worker.run(ThreadPoolExecutor.java:628)
[2024-02-26T00:17:03.754+0000] {spark_submit.py:490} INFO - at java.base/java.lang.Thread.run(Thread.java:829)
[2024-02-26T00:17:03.754+0000] {spark_submit.py:490} INFO - Caused by: java.io.IOException: Failed to connect to spark-master:7077
[2024-02-26T00:17:03.754+0000] {spark_submit.py:490} INFO - at org.apache.spark.network.client.TransportClientFactory.createClient(TransportClientFactory.java:294)
[2024-02-26T00:17:03.754+0000] {spark_submit.py:490} INFO - at org.apache.spark.network.client.TransportClientFactory.createClient(TransportClientFactory.java:214)
[2024-02-26T00:17:03.754+0000] {spark_submit.py:490} INFO - at org.apache.spark.network.client.TransportClientFactory.createClient(TransportClientFactory.java:226)
[2024-02-26T00:17:03.755+0000] {spark_submit.py:490} INFO - at org.apache.spark.rpc.netty.NettyRpcEnv.createClient(NettyRpcEnv.scala:204)
[2024-02-26T00:17:03.755+0000] {spark_submit.py:490} INFO - at org.apache.spark.rpc.netty.Outbox$$anon$1.call(Outbox.scala:202)
[2024-02-26T00:17:03.755+0000] {spark_submit.py:490} INFO - at org.apache.spark.rpc.netty.Outbox$$anon$1.call(Outbox.scala:198)
[2024-02-26T00:17:03.755+0000] {spark_submit.py:490} INFO - ... 4 more
[2024-02-26T00:17:03.755+0000] {spark_submit.py:490} INFO - Caused by: java.net.UnknownHostException: spark-master
[2024-02-26T00:17:03.755+0000] {spark_submit.py:490} INFO - at java.base/java.net.InetAddress$CachedAddresses.get(InetAddress.java:797)
[2024-02-26T00:17:03.755+0000] {spark_submit.py:490} INFO - at java.base/java.net.InetAddress.getAllByName0(InetAddress.java:1533)
[2024-02-26T00:17:03.756+0000] {spark_submit.py:490} INFO - at java.base/java.net.InetAddress.getAllByName(InetAddress.java:1386)
[2024-02-26T00:17:03.756+0000] {spark_submit.py:490} INFO - at java.base/java.net.InetAddress.getAllByName(InetAddress.java:1307)
[2024-02-26T00:17:03.756+0000] {spark_submit.py:490} INFO - at java.base/java.net.InetAddress.getByName(InetAddress.java:1257)
[2024-02-26T00:17:03.756+0000] {spark_submit.py:490} INFO - at io.netty.util.internal.SocketUtils$8.run(SocketUtils.java:156)
[2024-02-26T00:17:03.756+0000] {spark_submit.py:490} INFO - at io.netty.util.internal.SocketUtils$8.run(SocketUtils.java:153)
[2024-02-26T00:17:03.756+0000] {spark_submit.py:490} INFO - at java.base/java.security.AccessController.doPrivileged(Native Method)
[2024-02-26T00:17:03.756+0000] {spark_submit.py:490} INFO - at io.netty.util.internal.SocketUtils.addressByName(SocketUtils.java:153)
[2024-02-26T00:17:03.756+0000] {spark_submit.py:490} INFO - at io.netty.resolver.DefaultNameResolver.doResolve(DefaultNameResolver.java:41)
[2024-02-26T00:17:03.756+0000] {spark_submit.py:490} INFO - at io.netty.resolver.SimpleNameResolver.resolve(SimpleNameResolver.java:61)
[2024-02-26T00:17:03.757+0000] {spark_submit.py:490} INFO - at io.netty.resolver.SimpleNameResolver.resolve(SimpleNameResolver.java:53)
[2024-02-26T00:17:03.757+0000] {spark_submit.py:490} INFO - at io.netty.resolver.InetSocketAddressResolver.doResolve(InetSocketAddressResolver.java:55)
[2024-02-26T00:17:03.757+0000] {spark_submit.py:490} INFO - at io.netty.resolver.InetSocketAddressResolver.doResolve(InetSocketAddressResolver.java:31)
[2024-02-26T00:17:03.757+0000] {spark_submit.py:490} INFO - at io.netty.resolver.AbstractAddressResolver.resolve(AbstractAddressResolver.java:106)
[2024-02-26T00:17:03.757+0000] {spark_submit.py:490} INFO - at io.netty.bootstrap.Bootstrap.doResolveAndConnect0(Bootstrap.java:206)
[2024-02-26T00:17:03.757+0000] {spark_submit.py:490} INFO - at io.netty.bootstrap.Bootstrap.access$000(Bootstrap.java:46)
[2024-02-26T00:17:03.757+0000] {spark_submit.py:490} INFO - at io.netty.bootstrap.Bootstrap$1.operationComplete(Bootstrap.java:180)
[2024-02-26T00:17:03.757+0000] {spark_submit.py:490} INFO - at io.netty.bootstrap.Bootstrap$1.operationComplete(Bootstrap.java:166)
[2024-02-26T00:17:03.757+0000] {spark_submit.py:490} INFO - at io.netty.util.concurrent.DefaultPromise.notifyListener0(DefaultPromise.java:590)
[2024-02-26T00:17:03.758+0000] {spark_submit.py:490} INFO - at io.netty.util.concurrent.DefaultPromise.notifyListenersNow(DefaultPromise.java:557)
[2024-02-26T00:17:03.758+0000] {spark_submit.py:490} INFO - at io.netty.util.concurrent.DefaultPromise.notifyListeners(DefaultPromise.java:492)
[2024-02-26T00:17:03.758+0000] {spark_submit.py:490} INFO - at io.netty.util.concurrent.DefaultPromise.setValue0(DefaultPromise.java:636)
[2024-02-26T00:17:03.758+0000] {spark_submit.py:490} INFO - at io.netty.util.concurrent.DefaultPromise.setSuccess0(DefaultPromise.java:625)
[2024-02-26T00:17:03.758+0000] {spark_submit.py:490} INFO - at io.netty.util.concurrent.DefaultPromise.trySuccess(DefaultPromise.java:105)
[2024-02-26T00:17:03.758+0000] {spark_submit.py:490} INFO - at io.netty.channel.DefaultChannelPromise.trySuccess(DefaultChannelPromise.java:84)
[2024-02-26T00:17:03.758+0000] {spark_submit.py:490} INFO - at io.netty.channel.AbstractChannel$AbstractUnsafe.safeSetSuccess(AbstractChannel.java:990)
[2024-02-26T00:17:03.758+0000] {spark_submit.py:490} INFO - at io.netty.channel.AbstractChannel$AbstractUnsafe.register0(AbstractChannel.java:516)
[2024-02-26T00:17:03.758+0000] {spark_submit.py:490} INFO - at io.netty.channel.AbstractChannel$AbstractUnsafe.access$200(AbstractChannel.java:429)
[2024-02-26T00:17:03.759+0000] {spark_submit.py:490} INFO - at io.netty.channel.AbstractChannel$AbstractUnsafe$1.run(AbstractChannel.java:486)
[2024-02-26T00:17:03.759+0000] {spark_submit.py:490} INFO - at io.netty.util.concurrent.AbstractEventExecutor.runTask(AbstractEventExecutor.java:174)
[2024-02-26T00:17:03.759+0000] {spark_submit.py:490} INFO - at io.netty.util.concurrent.AbstractEventExecutor.safeExecute(AbstractEventExecutor.java:167)
[2024-02-26T00:17:03.759+0000] {spark_submit.py:490} INFO - at io.netty.util.concurrent.SingleThreadEventExecutor.runAllTasks(SingleThreadEventExecutor.java:470)
[2024-02-26T00:17:03.759+0000] {spark_submit.py:490} INFO - at io.netty.channel.nio.NioEventLoop.run(NioEventLoop.java:569)
[2024-02-26T00:17:03.759+0000] {spark_submit.py:490} INFO - at io.netty.util.concurrent.SingleThreadEventExecutor$4.run(SingleThreadEventExecutor.java:997)
[2024-02-26T00:17:03.759+0000] {spark_submit.py:490} INFO - at io.netty.util.internal.ThreadExecutorMap$2.run(ThreadExecutorMap.java:74)
[2024-02-26T00:17:03.760+0000] {spark_submit.py:490} INFO - at io.netty.util.concurrent.FastThreadLocalRunnable.run(FastThreadLocalRunnable.java:30)
[2024-02-26T00:17:03.760+0000] {spark_submit.py:490} INFO - ... 1 more
[2024-02-26T00:39:14.847+0000] {local_task_job_runner.py:292} WARNING - State of this instance has been externally set to failed. Terminating instance.
[2024-02-26T00:39:14.889+0000] {process_utils.py:135} INFO - Sending Signals.SIGTERM to group 906. PIDs of all processes in the group: [907, 960, 906]
[2024-02-26T00:39:14.890+0000] {process_utils.py:86} INFO - Sending the signal Signals.SIGTERM to group 906
[2024-02-26T00:39:14.904+0000] {taskinstance.py:1517} ERROR - Received SIGTERM. Terminating subprocesses.
[2024-02-26T00:39:14.916+0000] {spark_submit.py:615} INFO - Sending kill signal to spark-submit
[2024-02-26T00:39:15.020+0000] {process_utils.py:79} INFO - Process psutil.Process(pid=906, status='terminated', exitcode=0, started='00:08:14') (906) terminated with exit code 0
[2024-02-26T00:39:15.021+0000] {process_utils.py:79} INFO - Process psutil.Process(pid=907, status='terminated', started='00:08:14') (907) terminated with exit code None
[2024-02-26T00:39:15.022+0000] {process_utils.py:79} INFO - Process psutil.Process(pid=960, status='terminated', started='00:08:20') (960) terminated with exit code None
