[2024-02-26T05:04:14.275+0000] {taskinstance.py:1103} INFO - Dependencies all met for dep_context=non-requeueable deps ti=<TaskInstance: spark_airflow_dag.spark_submit_task manual__2024-02-26T05:04:07.980325+00:00 [queued]>
[2024-02-26T05:04:14.281+0000] {taskinstance.py:1103} INFO - Dependencies all met for dep_context=requeueable deps ti=<TaskInstance: spark_airflow_dag.spark_submit_task manual__2024-02-26T05:04:07.980325+00:00 [queued]>
[2024-02-26T05:04:14.281+0000] {taskinstance.py:1308} INFO - Starting attempt 1 of 1
[2024-02-26T05:04:14.293+0000] {taskinstance.py:1327} INFO - Executing <Task(SparkSubmitOperator): spark_submit_task> on 2024-02-26 05:04:07.980325+00:00
[2024-02-26T05:04:14.306+0000] {standard_task_runner.py:84} INFO - Running: ['airflow', 'tasks', 'run', 'spark_airflow_dag', 'spark_submit_task', 'manual__2024-02-26T05:04:07.980325+00:00', '--job-id', '6', '--raw', '--subdir', 'DAGS_FOLDER/spark_etl_dag.py', '--cfg-path', '/tmp/tmpdpooj90p']
[2024-02-26T05:04:14.306+0000] {standard_task_runner.py:57} INFO - Started process 1279 to run task
[2024-02-26T05:04:14.307+0000] {standard_task_runner.py:85} INFO - Job 6: Subtask spark_submit_task
[2024-02-26T05:04:14.328+0000] {logging_mixin.py:150} WARNING - /home/airflow/.local/lib/python3.7/site-packages/airflow/settings.py:195 DeprecationWarning: The sql_alchemy_conn option in [core] has been moved to the sql_alchemy_conn option in [database] - the old setting has been used, but please update your config.
[2024-02-26T05:04:14.424+0000] {task_command.py:410} INFO - Running <TaskInstance: spark_airflow_dag.spark_submit_task manual__2024-02-26T05:04:07.980325+00:00 [running]> on host 1db92e94aa46
[2024-02-26T05:04:14.542+0000] {taskinstance.py:1547} INFO - Exporting env vars: AIRFLOW_CTX_DAG_OWNER='airflow' AIRFLOW_CTX_DAG_ID='spark_airflow_dag' AIRFLOW_CTX_TASK_ID='spark_submit_task' AIRFLOW_CTX_EXECUTION_DATE='2024-02-26T05:04:07.980325+00:00' AIRFLOW_CTX_TRY_NUMBER='1' AIRFLOW_CTX_DAG_RUN_ID='manual__2024-02-26T05:04:07.980325+00:00'
[2024-02-26T05:04:14.548+0000] {base.py:73} INFO - Using connection ID 'spark_default' for task execution.
[2024-02-26T05:04:14.552+0000] {spark_submit.py:339} INFO - Spark-Submit cmd: spark-submit --master local[*] --conf spark.master=spark://spark-master:7077 --name arrow-spark /opt/airflow/dags/spark_etl.py
[2024-02-26T05:04:14.777+0000] {spark_submit.py:490} INFO - /home/airflow/.local/lib/python3.7/site-packages/pyspark/bin/load-spark-env.sh: line 68: ps: command not found
[2024-02-26T05:04:19.666+0000] {spark_submit.py:490} INFO - 24/02/26 05:04:19 INFO SparkContext: Running Spark version 3.4.2
[2024-02-26T05:04:19.850+0000] {spark_submit.py:490} INFO - 24/02/26 05:04:19 WARN NativeCodeLoader: Unable to load native-hadoop library for your platform... using builtin-java classes where applicable
[2024-02-26T05:04:20.011+0000] {spark_submit.py:490} INFO - 24/02/26 05:04:20 INFO ResourceUtils: ==============================================================
[2024-02-26T05:04:20.011+0000] {spark_submit.py:490} INFO - 24/02/26 05:04:20 INFO ResourceUtils: No custom resources configured for spark.driver.
[2024-02-26T05:04:20.012+0000] {spark_submit.py:490} INFO - 24/02/26 05:04:20 INFO ResourceUtils: ==============================================================
[2024-02-26T05:04:20.013+0000] {spark_submit.py:490} INFO - 24/02/26 05:04:20 INFO SparkContext: Submitted application: DataExtraction
[2024-02-26T05:04:20.030+0000] {spark_submit.py:490} INFO - 24/02/26 05:04:20 INFO ResourceProfile: Default ResourceProfile created, executor resources: Map(memory -> name: memory, amount: 1024, script: , vendor: , offHeap -> name: offHeap, amount: 0, script: , vendor: ), task resources: Map(cpus -> name: cpus, amount: 1.0)
[2024-02-26T05:04:20.052+0000] {spark_submit.py:490} INFO - 24/02/26 05:04:20 INFO ResourceProfile: Limiting resource is cpu
[2024-02-26T05:04:20.053+0000] {spark_submit.py:490} INFO - 24/02/26 05:04:20 INFO ResourceProfileManager: Added ResourceProfile id: 0
[2024-02-26T05:04:20.160+0000] {spark_submit.py:490} INFO - 24/02/26 05:04:20 INFO SecurityManager: Changing view acls to: airflow
[2024-02-26T05:04:20.161+0000] {spark_submit.py:490} INFO - 24/02/26 05:04:20 INFO SecurityManager: Changing modify acls to: airflow
[2024-02-26T05:04:20.161+0000] {spark_submit.py:490} INFO - 24/02/26 05:04:20 INFO SecurityManager: Changing view acls groups to:
[2024-02-26T05:04:20.162+0000] {spark_submit.py:490} INFO - 24/02/26 05:04:20 INFO SecurityManager: Changing modify acls groups to:
[2024-02-26T05:04:20.162+0000] {spark_submit.py:490} INFO - 24/02/26 05:04:20 INFO SecurityManager: SecurityManager: authentication disabled; ui acls disabled; users with view permissions: airflow; groups with view permissions: EMPTY; users with modify permissions: airflow; groups with modify permissions: EMPTY
[2024-02-26T05:04:20.409+0000] {spark_submit.py:490} INFO - 24/02/26 05:04:20 INFO Utils: Successfully started service 'sparkDriver' on port 38925.
[2024-02-26T05:04:20.472+0000] {spark_submit.py:490} INFO - 24/02/26 05:04:20 INFO SparkEnv: Registering MapOutputTracker
[2024-02-26T05:04:20.526+0000] {spark_submit.py:490} INFO - 24/02/26 05:04:20 INFO SparkEnv: Registering BlockManagerMaster
[2024-02-26T05:04:20.541+0000] {spark_submit.py:490} INFO - 24/02/26 05:04:20 INFO BlockManagerMasterEndpoint: Using org.apache.spark.storage.DefaultTopologyMapper for getting topology information
[2024-02-26T05:04:20.541+0000] {spark_submit.py:490} INFO - 24/02/26 05:04:20 INFO BlockManagerMasterEndpoint: BlockManagerMasterEndpoint up
[2024-02-26T05:04:20.559+0000] {spark_submit.py:490} INFO - 24/02/26 05:04:20 INFO SparkEnv: Registering BlockManagerMasterHeartbeat
[2024-02-26T05:04:20.595+0000] {spark_submit.py:490} INFO - 24/02/26 05:04:20 INFO DiskBlockManager: Created local directory at /tmp/blockmgr-3fd106b2-bf4c-4d8d-b2d6-9cd5703c48bb
[2024-02-26T05:04:20.614+0000] {spark_submit.py:490} INFO - 24/02/26 05:04:20 INFO MemoryStore: MemoryStore started with capacity 434.4 MiB
[2024-02-26T05:04:20.635+0000] {spark_submit.py:490} INFO - 24/02/26 05:04:20 INFO SparkEnv: Registering OutputCommitCoordinator
[2024-02-26T05:04:20.839+0000] {spark_submit.py:490} INFO - 24/02/26 05:04:20 INFO JettyUtils: Start Jetty 0.0.0.0:4040 for SparkUI
[2024-02-26T05:04:20.919+0000] {spark_submit.py:490} INFO - 24/02/26 05:04:20 INFO Utils: Successfully started service 'SparkUI' on port 4040.
[2024-02-26T05:04:21.372+0000] {spark_submit.py:490} INFO - 24/02/26 05:04:21 INFO StandaloneAppClient$ClientEndpoint: Connecting to master spark://spark-master:7077...
[2024-02-26T05:04:21.645+0000] {spark_submit.py:490} INFO - 24/02/26 05:04:21 WARN StandaloneAppClient$ClientEndpoint: Failed to connect to master spark-master:7077
[2024-02-26T05:04:21.645+0000] {spark_submit.py:490} INFO - org.apache.spark.SparkException: Exception thrown in awaitResult:
[2024-02-26T05:04:21.657+0000] {spark_submit.py:490} INFO - at org.apache.spark.util.ThreadUtils$.awaitResult(ThreadUtils.scala:322)
[2024-02-26T05:04:21.658+0000] {spark_submit.py:490} INFO - at org.apache.spark.rpc.RpcTimeout.awaitResult(RpcTimeout.scala:75)
[2024-02-26T05:04:21.658+0000] {spark_submit.py:490} INFO - at org.apache.spark.rpc.RpcEnv.setupEndpointRefByURI(RpcEnv.scala:102)
[2024-02-26T05:04:21.658+0000] {spark_submit.py:490} INFO - at org.apache.spark.rpc.RpcEnv.setupEndpointRef(RpcEnv.scala:110)
[2024-02-26T05:04:21.658+0000] {spark_submit.py:490} INFO - at org.apache.spark.deploy.client.StandaloneAppClient$ClientEndpoint$$anon$1.run(StandaloneAppClient.scala:108)
[2024-02-26T05:04:21.658+0000] {spark_submit.py:490} INFO - at java.base/java.util.concurrent.Executors$RunnableAdapter.call(Executors.java:515)
[2024-02-26T05:04:21.658+0000] {spark_submit.py:490} INFO - at java.base/java.util.concurrent.FutureTask.run(FutureTask.java:264)
[2024-02-26T05:04:21.658+0000] {spark_submit.py:490} INFO - at java.base/java.util.concurrent.ThreadPoolExecutor.runWorker(ThreadPoolExecutor.java:1128)
[2024-02-26T05:04:21.658+0000] {spark_submit.py:490} INFO - at java.base/java.util.concurrent.ThreadPoolExecutor$Worker.run(ThreadPoolExecutor.java:628)
[2024-02-26T05:04:21.658+0000] {spark_submit.py:490} INFO - at java.base/java.lang.Thread.run(Thread.java:829)
[2024-02-26T05:04:21.658+0000] {spark_submit.py:490} INFO - Caused by: java.io.IOException: Failed to connect to spark-master:7077
[2024-02-26T05:04:21.658+0000] {spark_submit.py:490} INFO - at org.apache.spark.network.client.TransportClientFactory.createClient(TransportClientFactory.java:294)
[2024-02-26T05:04:21.659+0000] {spark_submit.py:490} INFO - at org.apache.spark.network.client.TransportClientFactory.createClient(TransportClientFactory.java:214)
[2024-02-26T05:04:21.659+0000] {spark_submit.py:490} INFO - at org.apache.spark.network.client.TransportClientFactory.createClient(TransportClientFactory.java:226)
[2024-02-26T05:04:21.659+0000] {spark_submit.py:490} INFO - at org.apache.spark.rpc.netty.NettyRpcEnv.createClient(NettyRpcEnv.scala:204)
[2024-02-26T05:04:21.659+0000] {spark_submit.py:490} INFO - at org.apache.spark.rpc.netty.Outbox$$anon$1.call(Outbox.scala:202)
[2024-02-26T05:04:21.659+0000] {spark_submit.py:490} INFO - at org.apache.spark.rpc.netty.Outbox$$anon$1.call(Outbox.scala:198)
[2024-02-26T05:04:21.659+0000] {spark_submit.py:490} INFO - ... 4 more
[2024-02-26T05:04:21.659+0000] {spark_submit.py:490} INFO - Caused by: java.net.UnknownHostException: spark-master
[2024-02-26T05:04:21.659+0000] {spark_submit.py:490} INFO - at java.base/java.net.InetAddress$CachedAddresses.get(InetAddress.java:797)
[2024-02-26T05:04:21.659+0000] {spark_submit.py:490} INFO - at java.base/java.net.InetAddress.getAllByName0(InetAddress.java:1533)
[2024-02-26T05:04:21.659+0000] {spark_submit.py:490} INFO - at java.base/java.net.InetAddress.getAllByName(InetAddress.java:1386)
[2024-02-26T05:04:21.659+0000] {spark_submit.py:490} INFO - at java.base/java.net.InetAddress.getAllByName(InetAddress.java:1307)
[2024-02-26T05:04:21.659+0000] {spark_submit.py:490} INFO - at java.base/java.net.InetAddress.getByName(InetAddress.java:1257)
[2024-02-26T05:04:21.659+0000] {spark_submit.py:490} INFO - at io.netty.util.internal.SocketUtils$8.run(SocketUtils.java:156)
[2024-02-26T05:04:21.659+0000] {spark_submit.py:490} INFO - at io.netty.util.internal.SocketUtils$8.run(SocketUtils.java:153)
[2024-02-26T05:04:21.659+0000] {spark_submit.py:490} INFO - at java.base/java.security.AccessController.doPrivileged(Native Method)
[2024-02-26T05:04:21.659+0000] {spark_submit.py:490} INFO - at io.netty.util.internal.SocketUtils.addressByName(SocketUtils.java:153)
[2024-02-26T05:04:21.659+0000] {spark_submit.py:490} INFO - at io.netty.resolver.DefaultNameResolver.doResolve(DefaultNameResolver.java:41)
[2024-02-26T05:04:21.659+0000] {spark_submit.py:490} INFO - at io.netty.resolver.SimpleNameResolver.resolve(SimpleNameResolver.java:61)
[2024-02-26T05:04:21.659+0000] {spark_submit.py:490} INFO - at io.netty.resolver.SimpleNameResolver.resolve(SimpleNameResolver.java:53)
[2024-02-26T05:04:21.659+0000] {spark_submit.py:490} INFO - at io.netty.resolver.InetSocketAddressResolver.doResolve(InetSocketAddressResolver.java:55)
[2024-02-26T05:04:21.659+0000] {spark_submit.py:490} INFO - at io.netty.resolver.InetSocketAddressResolver.doResolve(InetSocketAddressResolver.java:31)
[2024-02-26T05:04:21.659+0000] {spark_submit.py:490} INFO - at io.netty.resolver.AbstractAddressResolver.resolve(AbstractAddressResolver.java:106)
[2024-02-26T05:04:21.659+0000] {spark_submit.py:490} INFO - at io.netty.bootstrap.Bootstrap.doResolveAndConnect0(Bootstrap.java:206)
[2024-02-26T05:04:21.659+0000] {spark_submit.py:490} INFO - at io.netty.bootstrap.Bootstrap.access$000(Bootstrap.java:46)
[2024-02-26T05:04:21.660+0000] {spark_submit.py:490} INFO - at io.netty.bootstrap.Bootstrap$1.operationComplete(Bootstrap.java:180)
[2024-02-26T05:04:21.660+0000] {spark_submit.py:490} INFO - at io.netty.bootstrap.Bootstrap$1.operationComplete(Bootstrap.java:166)
[2024-02-26T05:04:21.660+0000] {spark_submit.py:490} INFO - at io.netty.util.concurrent.DefaultPromise.notifyListener0(DefaultPromise.java:590)
[2024-02-26T05:04:21.660+0000] {spark_submit.py:490} INFO - at io.netty.util.concurrent.DefaultPromise.notifyListenersNow(DefaultPromise.java:557)
[2024-02-26T05:04:21.660+0000] {spark_submit.py:490} INFO - at io.netty.util.concurrent.DefaultPromise.notifyListeners(DefaultPromise.java:492)
[2024-02-26T05:04:21.660+0000] {spark_submit.py:490} INFO - at io.netty.util.concurrent.DefaultPromise.setValue0(DefaultPromise.java:636)
[2024-02-26T05:04:21.660+0000] {spark_submit.py:490} INFO - at io.netty.util.concurrent.DefaultPromise.setSuccess0(DefaultPromise.java:625)
[2024-02-26T05:04:21.660+0000] {spark_submit.py:490} INFO - at io.netty.util.concurrent.DefaultPromise.trySuccess(DefaultPromise.java:105)
[2024-02-26T05:04:21.660+0000] {spark_submit.py:490} INFO - at io.netty.channel.DefaultChannelPromise.trySuccess(DefaultChannelPromise.java:84)
[2024-02-26T05:04:21.660+0000] {spark_submit.py:490} INFO - at io.netty.channel.AbstractChannel$AbstractUnsafe.safeSetSuccess(AbstractChannel.java:990)
[2024-02-26T05:04:21.660+0000] {spark_submit.py:490} INFO - at io.netty.channel.AbstractChannel$AbstractUnsafe.register0(AbstractChannel.java:516)
[2024-02-26T05:04:21.660+0000] {spark_submit.py:490} INFO - at io.netty.channel.AbstractChannel$AbstractUnsafe.access$200(AbstractChannel.java:429)
[2024-02-26T05:04:21.660+0000] {spark_submit.py:490} INFO - at io.netty.channel.AbstractChannel$AbstractUnsafe$1.run(AbstractChannel.java:486)
[2024-02-26T05:04:21.660+0000] {spark_submit.py:490} INFO - at io.netty.util.concurrent.AbstractEventExecutor.runTask(AbstractEventExecutor.java:174)
[2024-02-26T05:04:21.660+0000] {spark_submit.py:490} INFO - at io.netty.util.concurrent.AbstractEventExecutor.safeExecute(AbstractEventExecutor.java:167)
[2024-02-26T05:04:21.660+0000] {spark_submit.py:490} INFO - at io.netty.util.concurrent.SingleThreadEventExecutor.runAllTasks(SingleThreadEventExecutor.java:470)
[2024-02-26T05:04:21.660+0000] {spark_submit.py:490} INFO - at io.netty.channel.nio.NioEventLoop.run(NioEventLoop.java:569)
[2024-02-26T05:04:21.660+0000] {spark_submit.py:490} INFO - at io.netty.util.concurrent.SingleThreadEventExecutor$4.run(SingleThreadEventExecutor.java:997)
[2024-02-26T05:04:21.660+0000] {spark_submit.py:490} INFO - at io.netty.util.internal.ThreadExecutorMap$2.run(ThreadExecutorMap.java:74)
[2024-02-26T05:04:21.660+0000] {spark_submit.py:490} INFO - at io.netty.util.concurrent.FastThreadLocalRunnable.run(FastThreadLocalRunnable.java:30)
[2024-02-26T05:04:21.660+0000] {spark_submit.py:490} INFO - ... 1 more
[2024-02-26T05:04:41.382+0000] {spark_submit.py:490} INFO - 24/02/26 05:04:41 INFO StandaloneAppClient$ClientEndpoint: Connecting to master spark://spark-master:7077...
[2024-02-26T05:04:41.402+0000] {spark_submit.py:490} INFO - 24/02/26 05:04:41 WARN StandaloneAppClient$ClientEndpoint: Failed to connect to master spark-master:7077
[2024-02-26T05:04:41.403+0000] {spark_submit.py:490} INFO - org.apache.spark.SparkException: Exception thrown in awaitResult:
[2024-02-26T05:04:41.403+0000] {spark_submit.py:490} INFO - at org.apache.spark.util.ThreadUtils$.awaitResult(ThreadUtils.scala:322)
[2024-02-26T05:04:41.403+0000] {spark_submit.py:490} INFO - at org.apache.spark.rpc.RpcTimeout.awaitResult(RpcTimeout.scala:75)
[2024-02-26T05:04:41.404+0000] {spark_submit.py:490} INFO - at org.apache.spark.rpc.RpcEnv.setupEndpointRefByURI(RpcEnv.scala:102)
[2024-02-26T05:04:41.404+0000] {spark_submit.py:490} INFO - at org.apache.spark.rpc.RpcEnv.setupEndpointRef(RpcEnv.scala:110)
[2024-02-26T05:04:41.404+0000] {spark_submit.py:490} INFO - at org.apache.spark.deploy.client.StandaloneAppClient$ClientEndpoint$$anon$1.run(StandaloneAppClient.scala:108)
[2024-02-26T05:04:41.405+0000] {spark_submit.py:490} INFO - at java.base/java.util.concurrent.Executors$RunnableAdapter.call(Executors.java:515)
[2024-02-26T05:04:41.406+0000] {spark_submit.py:490} INFO - at java.base/java.util.concurrent.FutureTask.run(FutureTask.java:264)
[2024-02-26T05:04:41.406+0000] {spark_submit.py:490} INFO - at java.base/java.util.concurrent.ThreadPoolExecutor.runWorker(ThreadPoolExecutor.java:1128)
[2024-02-26T05:04:41.406+0000] {spark_submit.py:490} INFO - at java.base/java.util.concurrent.ThreadPoolExecutor$Worker.run(ThreadPoolExecutor.java:628)
[2024-02-26T05:04:41.406+0000] {spark_submit.py:490} INFO - at java.base/java.lang.Thread.run(Thread.java:829)
[2024-02-26T05:04:41.406+0000] {spark_submit.py:490} INFO - Caused by: java.io.IOException: Failed to connect to spark-master:7077
[2024-02-26T05:04:41.406+0000] {spark_submit.py:490} INFO - at org.apache.spark.network.client.TransportClientFactory.createClient(TransportClientFactory.java:294)
[2024-02-26T05:04:41.406+0000] {spark_submit.py:490} INFO - at org.apache.spark.network.client.TransportClientFactory.createClient(TransportClientFactory.java:214)
[2024-02-26T05:04:41.406+0000] {spark_submit.py:490} INFO - at org.apache.spark.network.client.TransportClientFactory.createClient(TransportClientFactory.java:226)
[2024-02-26T05:04:41.406+0000] {spark_submit.py:490} INFO - at org.apache.spark.rpc.netty.NettyRpcEnv.createClient(NettyRpcEnv.scala:204)
[2024-02-26T05:04:41.406+0000] {spark_submit.py:490} INFO - at org.apache.spark.rpc.netty.Outbox$$anon$1.call(Outbox.scala:202)
[2024-02-26T05:04:41.406+0000] {spark_submit.py:490} INFO - at org.apache.spark.rpc.netty.Outbox$$anon$1.call(Outbox.scala:198)
[2024-02-26T05:04:41.406+0000] {spark_submit.py:490} INFO - ... 4 more
[2024-02-26T05:04:41.406+0000] {spark_submit.py:490} INFO - Caused by: java.net.UnknownHostException: spark-master
[2024-02-26T05:04:41.406+0000] {spark_submit.py:490} INFO - at java.base/java.net.InetAddress$CachedAddresses.get(InetAddress.java:797)
[2024-02-26T05:04:41.407+0000] {spark_submit.py:490} INFO - at java.base/java.net.InetAddress.getAllByName0(InetAddress.java:1533)
[2024-02-26T05:04:41.407+0000] {spark_submit.py:490} INFO - at java.base/java.net.InetAddress.getAllByName(InetAddress.java:1386)
[2024-02-26T05:04:41.407+0000] {spark_submit.py:490} INFO - at java.base/java.net.InetAddress.getAllByName(InetAddress.java:1307)
[2024-02-26T05:04:41.407+0000] {spark_submit.py:490} INFO - at java.base/java.net.InetAddress.getByName(InetAddress.java:1257)
[2024-02-26T05:04:41.407+0000] {spark_submit.py:490} INFO - at io.netty.util.internal.SocketUtils$8.run(SocketUtils.java:156)
[2024-02-26T05:04:41.407+0000] {spark_submit.py:490} INFO - at io.netty.util.internal.SocketUtils$8.run(SocketUtils.java:153)
[2024-02-26T05:04:41.407+0000] {spark_submit.py:490} INFO - at java.base/java.security.AccessController.doPrivileged(Native Method)
[2024-02-26T05:04:41.407+0000] {spark_submit.py:490} INFO - at io.netty.util.internal.SocketUtils.addressByName(SocketUtils.java:153)
[2024-02-26T05:04:41.407+0000] {spark_submit.py:490} INFO - at io.netty.resolver.DefaultNameResolver.doResolve(DefaultNameResolver.java:41)
[2024-02-26T05:04:41.407+0000] {spark_submit.py:490} INFO - at io.netty.resolver.SimpleNameResolver.resolve(SimpleNameResolver.java:61)
[2024-02-26T05:04:41.407+0000] {spark_submit.py:490} INFO - at io.netty.resolver.SimpleNameResolver.resolve(SimpleNameResolver.java:53)
[2024-02-26T05:04:41.407+0000] {spark_submit.py:490} INFO - at io.netty.resolver.InetSocketAddressResolver.doResolve(InetSocketAddressResolver.java:55)
[2024-02-26T05:04:41.407+0000] {spark_submit.py:490} INFO - at io.netty.resolver.InetSocketAddressResolver.doResolve(InetSocketAddressResolver.java:31)
[2024-02-26T05:04:41.407+0000] {spark_submit.py:490} INFO - at io.netty.resolver.AbstractAddressResolver.resolve(AbstractAddressResolver.java:106)
[2024-02-26T05:04:41.408+0000] {spark_submit.py:490} INFO - at io.netty.bootstrap.Bootstrap.doResolveAndConnect0(Bootstrap.java:206)
[2024-02-26T05:04:41.408+0000] {spark_submit.py:490} INFO - at io.netty.bootstrap.Bootstrap.access$000(Bootstrap.java:46)
[2024-02-26T05:04:41.408+0000] {spark_submit.py:490} INFO - at io.netty.bootstrap.Bootstrap$1.operationComplete(Bootstrap.java:180)
[2024-02-26T05:04:41.408+0000] {spark_submit.py:490} INFO - at io.netty.bootstrap.Bootstrap$1.operationComplete(Bootstrap.java:166)
[2024-02-26T05:04:41.408+0000] {spark_submit.py:490} INFO - at io.netty.util.concurrent.DefaultPromise.notifyListener0(DefaultPromise.java:590)
[2024-02-26T05:04:41.408+0000] {spark_submit.py:490} INFO - at io.netty.util.concurrent.DefaultPromise.notifyListenersNow(DefaultPromise.java:557)
[2024-02-26T05:04:41.408+0000] {spark_submit.py:490} INFO - at io.netty.util.concurrent.DefaultPromise.notifyListeners(DefaultPromise.java:492)
[2024-02-26T05:04:41.408+0000] {spark_submit.py:490} INFO - at io.netty.util.concurrent.DefaultPromise.setValue0(DefaultPromise.java:636)
[2024-02-26T05:04:41.408+0000] {spark_submit.py:490} INFO - at io.netty.util.concurrent.DefaultPromise.setSuccess0(DefaultPromise.java:625)
[2024-02-26T05:04:41.408+0000] {spark_submit.py:490} INFO - at io.netty.util.concurrent.DefaultPromise.trySuccess(DefaultPromise.java:105)
[2024-02-26T05:04:41.408+0000] {spark_submit.py:490} INFO - at io.netty.channel.DefaultChannelPromise.trySuccess(DefaultChannelPromise.java:84)
[2024-02-26T05:04:41.408+0000] {spark_submit.py:490} INFO - at io.netty.channel.AbstractChannel$AbstractUnsafe.safeSetSuccess(AbstractChannel.java:990)
[2024-02-26T05:04:41.408+0000] {spark_submit.py:490} INFO - at io.netty.channel.AbstractChannel$AbstractUnsafe.register0(AbstractChannel.java:516)
[2024-02-26T05:04:41.408+0000] {spark_submit.py:490} INFO - at io.netty.channel.AbstractChannel$AbstractUnsafe.access$200(AbstractChannel.java:429)
[2024-02-26T05:04:41.408+0000] {spark_submit.py:490} INFO - at io.netty.channel.AbstractChannel$AbstractUnsafe$1.run(AbstractChannel.java:486)
[2024-02-26T05:04:41.408+0000] {spark_submit.py:490} INFO - at io.netty.util.concurrent.AbstractEventExecutor.runTask(AbstractEventExecutor.java:174)
[2024-02-26T05:04:41.408+0000] {spark_submit.py:490} INFO - at io.netty.util.concurrent.AbstractEventExecutor.safeExecute(AbstractEventExecutor.java:167)
[2024-02-26T05:04:41.409+0000] {spark_submit.py:490} INFO - at io.netty.util.concurrent.SingleThreadEventExecutor.runAllTasks(SingleThreadEventExecutor.java:470)
[2024-02-26T05:04:41.409+0000] {spark_submit.py:490} INFO - at io.netty.channel.nio.NioEventLoop.run(NioEventLoop.java:569)
[2024-02-26T05:04:41.409+0000] {spark_submit.py:490} INFO - at io.netty.util.concurrent.SingleThreadEventExecutor$4.run(SingleThreadEventExecutor.java:997)
[2024-02-26T05:04:41.409+0000] {spark_submit.py:490} INFO - at io.netty.util.internal.ThreadExecutorMap$2.run(ThreadExecutorMap.java:74)
[2024-02-26T05:04:41.409+0000] {spark_submit.py:490} INFO - at io.netty.util.concurrent.FastThreadLocalRunnable.run(FastThreadLocalRunnable.java:30)
[2024-02-26T05:04:41.409+0000] {spark_submit.py:490} INFO - ... 1 more
[2024-02-26T05:05:01.426+0000] {spark_submit.py:490} INFO - 24/02/26 05:05:01 INFO StandaloneAppClient$ClientEndpoint: Connecting to master spark://spark-master:7077...
[2024-02-26T05:05:01.494+0000] {spark_submit.py:490} INFO - 24/02/26 05:05:01 WARN StandaloneAppClient$ClientEndpoint: Failed to connect to master spark-master:7077
[2024-02-26T05:05:01.494+0000] {spark_submit.py:490} INFO - org.apache.spark.SparkException: Exception thrown in awaitResult:
[2024-02-26T05:05:01.495+0000] {spark_submit.py:490} INFO - at org.apache.spark.util.ThreadUtils$.awaitResult(ThreadUtils.scala:322)
[2024-02-26T05:05:01.496+0000] {spark_submit.py:490} INFO - at org.apache.spark.rpc.RpcTimeout.awaitResult(RpcTimeout.scala:75)
[2024-02-26T05:05:01.496+0000] {spark_submit.py:490} INFO - at org.apache.spark.rpc.RpcEnv.setupEndpointRefByURI(RpcEnv.scala:102)
[2024-02-26T05:05:01.497+0000] {spark_submit.py:490} INFO - at org.apache.spark.rpc.RpcEnv.setupEndpointRef(RpcEnv.scala:110)
[2024-02-26T05:05:01.497+0000] {spark_submit.py:490} INFO - at org.apache.spark.deploy.client.StandaloneAppClient$ClientEndpoint$$anon$1.run(StandaloneAppClient.scala:108)
[2024-02-26T05:05:01.497+0000] {spark_submit.py:490} INFO - at java.base/java.util.concurrent.Executors$RunnableAdapter.call(Executors.java:515)
[2024-02-26T05:05:01.498+0000] {spark_submit.py:490} INFO - at java.base/java.util.concurrent.FutureTask.run(FutureTask.java:264)
[2024-02-26T05:05:01.498+0000] {spark_submit.py:490} INFO - at java.base/java.util.concurrent.ThreadPoolExecutor.runWorker(ThreadPoolExecutor.java:1128)
[2024-02-26T05:05:01.498+0000] {spark_submit.py:490} INFO - at java.base/java.util.concurrent.ThreadPoolExecutor$Worker.run(ThreadPoolExecutor.java:628)
[2024-02-26T05:05:01.499+0000] {spark_submit.py:490} INFO - at java.base/java.lang.Thread.run(Thread.java:829)
[2024-02-26T05:05:01.499+0000] {spark_submit.py:490} INFO - Caused by: java.io.IOException: Failed to connect to spark-master:7077
[2024-02-26T05:05:01.500+0000] {spark_submit.py:490} INFO - at org.apache.spark.network.client.TransportClientFactory.createClient(TransportClientFactory.java:294)
[2024-02-26T05:05:01.500+0000] {spark_submit.py:490} INFO - at org.apache.spark.network.client.TransportClientFactory.createClient(TransportClientFactory.java:214)
[2024-02-26T05:05:01.500+0000] {spark_submit.py:490} INFO - at org.apache.spark.network.client.TransportClientFactory.createClient(TransportClientFactory.java:226)
[2024-02-26T05:05:01.501+0000] {spark_submit.py:490} INFO - at org.apache.spark.rpc.netty.NettyRpcEnv.createClient(NettyRpcEnv.scala:204)
[2024-02-26T05:05:01.501+0000] {spark_submit.py:490} INFO - at org.apache.spark.rpc.netty.Outbox$$anon$1.call(Outbox.scala:202)
[2024-02-26T05:05:01.502+0000] {spark_submit.py:490} INFO - at org.apache.spark.rpc.netty.Outbox$$anon$1.call(Outbox.scala:198)
[2024-02-26T05:05:01.502+0000] {spark_submit.py:490} INFO - ... 4 more
[2024-02-26T05:05:01.502+0000] {spark_submit.py:490} INFO - Caused by: java.net.UnknownHostException: spark-master
[2024-02-26T05:05:01.502+0000] {spark_submit.py:490} INFO - at java.base/java.net.InetAddress$CachedAddresses.get(InetAddress.java:797)
[2024-02-26T05:05:01.503+0000] {spark_submit.py:490} INFO - at java.base/java.net.InetAddress.getAllByName0(InetAddress.java:1533)
[2024-02-26T05:05:01.503+0000] {spark_submit.py:490} INFO - at java.base/java.net.InetAddress.getAllByName(InetAddress.java:1386)
[2024-02-26T05:05:01.504+0000] {spark_submit.py:490} INFO - at java.base/java.net.InetAddress.getAllByName(InetAddress.java:1307)
[2024-02-26T05:05:01.504+0000] {spark_submit.py:490} INFO - at java.base/java.net.InetAddress.getByName(InetAddress.java:1257)
[2024-02-26T05:05:01.504+0000] {spark_submit.py:490} INFO - at io.netty.util.internal.SocketUtils$8.run(SocketUtils.java:156)
[2024-02-26T05:05:01.505+0000] {spark_submit.py:490} INFO - at io.netty.util.internal.SocketUtils$8.run(SocketUtils.java:153)
[2024-02-26T05:05:01.505+0000] {spark_submit.py:490} INFO - at java.base/java.security.AccessController.doPrivileged(Native Method)
[2024-02-26T05:05:01.505+0000] {spark_submit.py:490} INFO - at io.netty.util.internal.SocketUtils.addressByName(SocketUtils.java:153)
[2024-02-26T05:05:01.506+0000] {spark_submit.py:490} INFO - at io.netty.resolver.DefaultNameResolver.doResolve(DefaultNameResolver.java:41)
[2024-02-26T05:05:01.506+0000] {spark_submit.py:490} INFO - at io.netty.resolver.SimpleNameResolver.resolve(SimpleNameResolver.java:61)
[2024-02-26T05:05:01.506+0000] {spark_submit.py:490} INFO - at io.netty.resolver.SimpleNameResolver.resolve(SimpleNameResolver.java:53)
[2024-02-26T05:05:01.507+0000] {spark_submit.py:490} INFO - at io.netty.resolver.InetSocketAddressResolver.doResolve(InetSocketAddressResolver.java:55)
[2024-02-26T05:05:01.507+0000] {spark_submit.py:490} INFO - at io.netty.resolver.InetSocketAddressResolver.doResolve(InetSocketAddressResolver.java:31)
[2024-02-26T05:05:01.507+0000] {spark_submit.py:490} INFO - at io.netty.resolver.AbstractAddressResolver.resolve(AbstractAddressResolver.java:106)
[2024-02-26T05:05:01.508+0000] {spark_submit.py:490} INFO - at io.netty.bootstrap.Bootstrap.doResolveAndConnect0(Bootstrap.java:206)
[2024-02-26T05:05:01.508+0000] {spark_submit.py:490} INFO - at io.netty.bootstrap.Bootstrap.access$000(Bootstrap.java:46)
[2024-02-26T05:05:01.508+0000] {spark_submit.py:490} INFO - at io.netty.bootstrap.Bootstrap$1.operationComplete(Bootstrap.java:180)
[2024-02-26T05:05:01.509+0000] {spark_submit.py:490} INFO - at io.netty.bootstrap.Bootstrap$1.operationComplete(Bootstrap.java:166)
[2024-02-26T05:05:01.509+0000] {spark_submit.py:490} INFO - at io.netty.util.concurrent.DefaultPromise.notifyListener0(DefaultPromise.java:590)
[2024-02-26T05:05:01.509+0000] {spark_submit.py:490} INFO - at io.netty.util.concurrent.DefaultPromise.notifyListenersNow(DefaultPromise.java:557)
[2024-02-26T05:05:01.510+0000] {spark_submit.py:490} INFO - at io.netty.util.concurrent.DefaultPromise.notifyListeners(DefaultPromise.java:492)
[2024-02-26T05:05:01.510+0000] {spark_submit.py:490} INFO - at io.netty.util.concurrent.DefaultPromise.setValue0(DefaultPromise.java:636)
[2024-02-26T05:05:01.510+0000] {spark_submit.py:490} INFO - at io.netty.util.concurrent.DefaultPromise.setSuccess0(DefaultPromise.java:625)
[2024-02-26T05:05:01.510+0000] {spark_submit.py:490} INFO - at io.netty.util.concurrent.DefaultPromise.trySuccess(DefaultPromise.java:105)
[2024-02-26T05:05:01.511+0000] {spark_submit.py:490} INFO - at io.netty.channel.DefaultChannelPromise.trySuccess(DefaultChannelPromise.java:84)
[2024-02-26T05:05:01.511+0000] {spark_submit.py:490} INFO - at io.netty.channel.AbstractChannel$AbstractUnsafe.safeSetSuccess(AbstractChannel.java:990)
[2024-02-26T05:05:01.511+0000] {spark_submit.py:490} INFO - at io.netty.channel.AbstractChannel$AbstractUnsafe.register0(AbstractChannel.java:516)
[2024-02-26T05:05:01.512+0000] {spark_submit.py:490} INFO - at io.netty.channel.AbstractChannel$AbstractUnsafe.access$200(AbstractChannel.java:429)
[2024-02-26T05:05:01.512+0000] {spark_submit.py:490} INFO - at io.netty.channel.AbstractChannel$AbstractUnsafe$1.run(AbstractChannel.java:486)
[2024-02-26T05:05:01.512+0000] {spark_submit.py:490} INFO - at io.netty.util.concurrent.AbstractEventExecutor.runTask(AbstractEventExecutor.java:174)
[2024-02-26T05:05:01.513+0000] {spark_submit.py:490} INFO - at io.netty.util.concurrent.AbstractEventExecutor.safeExecute(AbstractEventExecutor.java:167)
[2024-02-26T05:05:01.513+0000] {spark_submit.py:490} INFO - at io.netty.util.concurrent.SingleThreadEventExecutor.runAllTasks(SingleThreadEventExecutor.java:470)
[2024-02-26T05:05:01.513+0000] {spark_submit.py:490} INFO - at io.netty.channel.nio.NioEventLoop.run(NioEventLoop.java:569)
[2024-02-26T05:05:01.514+0000] {spark_submit.py:490} INFO - at io.netty.util.concurrent.SingleThreadEventExecutor$4.run(SingleThreadEventExecutor.java:997)
[2024-02-26T05:05:01.514+0000] {spark_submit.py:490} INFO - at io.netty.util.internal.ThreadExecutorMap$2.run(ThreadExecutorMap.java:74)
[2024-02-26T05:05:01.514+0000] {spark_submit.py:490} INFO - at io.netty.util.concurrent.FastThreadLocalRunnable.run(FastThreadLocalRunnable.java:30)
[2024-02-26T05:05:01.514+0000] {spark_submit.py:490} INFO - ... 1 more
[2024-02-26T05:05:21.451+0000] {spark_submit.py:490} INFO - 24/02/26 05:05:21 ERROR StandaloneSchedulerBackend: Application has been killed. Reason: All masters are unresponsive! Giving up.
[2024-02-26T05:05:21.456+0000] {spark_submit.py:490} INFO - 24/02/26 05:05:21 WARN StandaloneSchedulerBackend: Application ID is not initialized yet.
[2024-02-26T05:05:21.606+0000] {spark_submit.py:490} INFO - 24/02/26 05:05:21 INFO Utils: Successfully started service 'org.apache.spark.network.netty.NettyBlockTransferService' on port 32957.
[2024-02-26T05:05:21.607+0000] {spark_submit.py:490} INFO - 24/02/26 05:05:21 INFO NettyBlockTransferService: Server created on 1db92e94aa46:32957
[2024-02-26T05:05:21.640+0000] {spark_submit.py:490} INFO - 24/02/26 05:05:21 INFO BlockManager: Using org.apache.spark.storage.RandomBlockReplicationPolicy for block replication policy
[2024-02-26T05:05:21.914+0000] {spark_submit.py:490} INFO - 24/02/26 05:05:21 INFO BlockManagerMaster: Registering BlockManager BlockManagerId(driver, 1db92e94aa46, 32957, None)
[2024-02-26T05:05:21.925+0000] {spark_submit.py:490} INFO - 24/02/26 05:05:21 INFO BlockManagerMasterEndpoint: Registering block manager 1db92e94aa46:32957 with 434.4 MiB RAM, BlockManagerId(driver, 1db92e94aa46, 32957, None)
[2024-02-26T05:05:21.954+0000] {spark_submit.py:490} INFO - 24/02/26 05:05:21 INFO BlockManagerMaster: Registered BlockManager BlockManagerId(driver, 1db92e94aa46, 32957, None)
[2024-02-26T05:05:21.959+0000] {spark_submit.py:490} INFO - 24/02/26 05:05:21 INFO BlockManager: Initialized BlockManager: BlockManagerId(driver, 1db92e94aa46, 32957, None)
[2024-02-26T05:05:24.152+0000] {spark_submit.py:490} INFO - 24/02/26 05:05:24 INFO AsyncEventQueue: Process of event SparkListenerResourceProfileAdded(Profile: id = 0, executor resources: memory -> name: memory, amount: 1024, script: , vendor: ,offHeap -> name: offHeap, amount: 0, script: , vendor: , task resources: cpus -> name: cpus, amount: 1.0) by listener AppStatusListener took 1.078396205s.
[2024-02-26T05:05:24.814+0000] {spark_submit.py:490} INFO - 24/02/26 05:05:24 INFO StandaloneSchedulerBackend: SchedulerBackend is ready for scheduling beginning after reached minRegisteredResourcesRatio: 0.0
[2024-02-26T05:05:26.740+0000] {spark_submit.py:490} INFO - /home/airflow/.local/lib/python3.7/site-packages/pyspark/python/lib/pyspark.zip/pyspark/context.py:317: FutureWarning: Python 3.7 support is deprecated in Spark 3.4.
[2024-02-26T05:05:26.750+0000] {spark_submit.py:490} INFO - warnings.warn("Python 3.7 support is deprecated in Spark 3.4.", FutureWarning)
[2024-02-26T05:05:27.054+0000] {spark_submit.py:490} INFO - 24/02/26 05:05:27 INFO SparkContext: SparkContext is stopping with exitCode 0.
[2024-02-26T05:05:27.154+0000] {spark_submit.py:490} INFO - 24/02/26 05:05:27 INFO SparkUI: Stopped Spark web UI at http://1db92e94aa46:4040
[2024-02-26T05:05:27.163+0000] {spark_submit.py:490} INFO - 24/02/26 05:05:27 INFO StandaloneSchedulerBackend: Shutting down all executors
[2024-02-26T05:05:27.168+0000] {spark_submit.py:490} INFO - 24/02/26 05:05:27 INFO StandaloneSchedulerBackend$StandaloneDriverEndpoint: Asking each executor to shut down
[2024-02-26T05:05:27.180+0000] {spark_submit.py:490} INFO - 24/02/26 05:05:27 WARN StandaloneAppClient$ClientEndpoint: Drop UnregisterApplication(null) because has not yet connected to master
[2024-02-26T05:05:27.192+0000] {spark_submit.py:490} INFO - 24/02/26 05:05:27 INFO MapOutputTrackerMasterEndpoint: MapOutputTrackerMasterEndpoint stopped!
[2024-02-26T05:05:27.250+0000] {spark_submit.py:490} INFO - 24/02/26 05:05:27 INFO MemoryStore: MemoryStore cleared
[2024-02-26T05:05:27.250+0000] {spark_submit.py:490} INFO - 24/02/26 05:05:27 INFO BlockManager: BlockManager stopped
[2024-02-26T05:05:27.259+0000] {spark_submit.py:490} INFO - Traceback (most recent call last):
[2024-02-26T05:05:27.260+0000] {spark_submit.py:490} INFO - File "/opt/airflow/dags/spark_etl.py", line 10, in <module>
[2024-02-26T05:05:27.264+0000] {spark_submit.py:490} INFO - .master("spark://spark-master:7077") \
[2024-02-26T05:05:27.264+0000] {spark_submit.py:490} INFO - File "/home/airflow/.local/lib/python3.7/site-packages/pyspark/python/lib/pyspark.zip/pyspark/sql/session.py", line 480, in getOrCreate
[2024-02-26T05:05:27.268+0000] {spark_submit.py:490} INFO - 24/02/26 05:05:27 INFO BlockManagerMaster: BlockManagerMaster stopped
[2024-02-26T05:05:27.271+0000] {spark_submit.py:490} INFO - 24/02/26 05:05:27 INFO OutputCommitCoordinator$OutputCommitCoordinatorEndpoint: OutputCommitCoordinator stopped!
[2024-02-26T05:05:27.273+0000] {spark_submit.py:490} INFO - File "/home/airflow/.local/lib/python3.7/site-packages/pyspark/python/lib/pyspark.zip/pyspark/sql/session.py", line 525, in __init__
[2024-02-26T05:05:27.273+0000] {spark_submit.py:490} INFO - File "/home/airflow/.local/lib/python3.7/site-packages/pyspark/python/lib/py4j-0.10.9.7-src.zip/py4j/java_gateway.py", line 1588, in __call__
[2024-02-26T05:05:27.274+0000] {spark_submit.py:490} INFO - File "/home/airflow/.local/lib/python3.7/site-packages/pyspark/python/lib/py4j-0.10.9.7-src.zip/py4j/protocol.py", line 328, in get_return_value
[2024-02-26T05:05:27.275+0000] {spark_submit.py:490} INFO - py4j.protocol.Py4JJavaError: An error occurred while calling None.org.apache.spark.sql.SparkSession.
[2024-02-26T05:05:27.276+0000] {spark_submit.py:490} INFO - : java.lang.IllegalStateException: Cannot call methods on a stopped SparkContext.
[2024-02-26T05:05:27.276+0000] {spark_submit.py:490} INFO - This stopped SparkContext was created at:
[2024-02-26T05:05:27.276+0000] {spark_submit.py:490} INFO - 
[2024-02-26T05:05:27.276+0000] {spark_submit.py:490} INFO - org.apache.spark.api.java.JavaSparkContext.<init>(JavaSparkContext.scala:58)
[2024-02-26T05:05:27.276+0000] {spark_submit.py:490} INFO - java.base/jdk.internal.reflect.NativeConstructorAccessorImpl.newInstance0(Native Method)
[2024-02-26T05:05:27.277+0000] {spark_submit.py:490} INFO - java.base/jdk.internal.reflect.NativeConstructorAccessorImpl.newInstance(NativeConstructorAccessorImpl.java:62)
[2024-02-26T05:05:27.277+0000] {spark_submit.py:490} INFO - java.base/jdk.internal.reflect.DelegatingConstructorAccessorImpl.newInstance(DelegatingConstructorAccessorImpl.java:45)
[2024-02-26T05:05:27.277+0000] {spark_submit.py:490} INFO - java.base/java.lang.reflect.Constructor.newInstance(Constructor.java:490)
[2024-02-26T05:05:27.277+0000] {spark_submit.py:490} INFO - py4j.reflection.MethodInvoker.invoke(MethodInvoker.java:247)
[2024-02-26T05:05:27.277+0000] {spark_submit.py:490} INFO - py4j.reflection.ReflectionEngine.invoke(ReflectionEngine.java:374)
[2024-02-26T05:05:27.280+0000] {spark_submit.py:490} INFO - py4j.Gateway.invoke(Gateway.java:238)
[2024-02-26T05:05:27.281+0000] {spark_submit.py:490} INFO - py4j.commands.ConstructorCommand.invokeConstructor(ConstructorCommand.java:80)
[2024-02-26T05:05:27.282+0000] {spark_submit.py:490} INFO - py4j.commands.ConstructorCommand.execute(ConstructorCommand.java:69)
[2024-02-26T05:05:27.282+0000] {spark_submit.py:490} INFO - py4j.ClientServerConnection.waitForCommands(ClientServerConnection.java:182)
[2024-02-26T05:05:27.282+0000] {spark_submit.py:490} INFO - py4j.ClientServerConnection.run(ClientServerConnection.java:106)
[2024-02-26T05:05:27.282+0000] {spark_submit.py:490} INFO - java.base/java.lang.Thread.run(Thread.java:829)
[2024-02-26T05:05:27.282+0000] {spark_submit.py:490} INFO - 
[2024-02-26T05:05:27.282+0000] {spark_submit.py:490} INFO - The currently active SparkContext was created at:
[2024-02-26T05:05:27.283+0000] {spark_submit.py:490} INFO - 
[2024-02-26T05:05:27.283+0000] {spark_submit.py:490} INFO - org.apache.spark.api.java.JavaSparkContext.<init>(JavaSparkContext.scala:58)
[2024-02-26T05:05:27.283+0000] {spark_submit.py:490} INFO - java.base/jdk.internal.reflect.NativeConstructorAccessorImpl.newInstance0(Native Method)
[2024-02-26T05:05:27.284+0000] {spark_submit.py:490} INFO - java.base/jdk.internal.reflect.NativeConstructorAccessorImpl.newInstance(NativeConstructorAccessorImpl.java:62)
[2024-02-26T05:05:27.284+0000] {spark_submit.py:490} INFO - java.base/jdk.internal.reflect.DelegatingConstructorAccessorImpl.newInstance(DelegatingConstructorAccessorImpl.java:45)
[2024-02-26T05:05:27.284+0000] {spark_submit.py:490} INFO - java.base/java.lang.reflect.Constructor.newInstance(Constructor.java:490)
[2024-02-26T05:05:27.284+0000] {spark_submit.py:490} INFO - py4j.reflection.MethodInvoker.invoke(MethodInvoker.java:247)
[2024-02-26T05:05:27.284+0000] {spark_submit.py:490} INFO - py4j.reflection.ReflectionEngine.invoke(ReflectionEngine.java:374)
[2024-02-26T05:05:27.285+0000] {spark_submit.py:490} INFO - py4j.Gateway.invoke(Gateway.java:238)
[2024-02-26T05:05:27.285+0000] {spark_submit.py:490} INFO - py4j.commands.ConstructorCommand.invokeConstructor(ConstructorCommand.java:80)
[2024-02-26T05:05:27.285+0000] {spark_submit.py:490} INFO - py4j.commands.ConstructorCommand.execute(ConstructorCommand.java:69)
[2024-02-26T05:05:27.285+0000] {spark_submit.py:490} INFO - py4j.ClientServerConnection.waitForCommands(ClientServerConnection.java:182)
[2024-02-26T05:05:27.286+0000] {spark_submit.py:490} INFO - py4j.ClientServerConnection.run(ClientServerConnection.java:106)
[2024-02-26T05:05:27.286+0000] {spark_submit.py:490} INFO - java.base/java.lang.Thread.run(Thread.java:829)
[2024-02-26T05:05:27.286+0000] {spark_submit.py:490} INFO - 
[2024-02-26T05:05:27.286+0000] {spark_submit.py:490} INFO - at org.apache.spark.SparkContext.assertNotStopped(SparkContext.scala:120)
[2024-02-26T05:05:27.286+0000] {spark_submit.py:490} INFO - at org.apache.spark.sql.SparkSession.<init>(SparkSession.scala:114)
[2024-02-26T05:05:27.286+0000] {spark_submit.py:490} INFO - at org.apache.spark.sql.SparkSession.<init>(SparkSession.scala:107)
[2024-02-26T05:05:27.286+0000] {spark_submit.py:490} INFO - at java.base/jdk.internal.reflect.NativeConstructorAccessorImpl.newInstance0(Native Method)
[2024-02-26T05:05:27.287+0000] {spark_submit.py:490} INFO - at java.base/jdk.internal.reflect.NativeConstructorAccessorImpl.newInstance(NativeConstructorAccessorImpl.java:62)
[2024-02-26T05:05:27.287+0000] {spark_submit.py:490} INFO - at java.base/jdk.internal.reflect.DelegatingConstructorAccessorImpl.newInstance(DelegatingConstructorAccessorImpl.java:45)
[2024-02-26T05:05:27.287+0000] {spark_submit.py:490} INFO - at java.base/java.lang.reflect.Constructor.newInstance(Constructor.java:490)
[2024-02-26T05:05:27.287+0000] {spark_submit.py:490} INFO - at py4j.reflection.MethodInvoker.invoke(MethodInvoker.java:247)
[2024-02-26T05:05:27.288+0000] {spark_submit.py:490} INFO - at py4j.reflection.ReflectionEngine.invoke(ReflectionEngine.java:374)
[2024-02-26T05:05:27.288+0000] {spark_submit.py:490} INFO - at py4j.Gateway.invoke(Gateway.java:238)
[2024-02-26T05:05:27.288+0000] {spark_submit.py:490} INFO - at py4j.commands.ConstructorCommand.invokeConstructor(ConstructorCommand.java:80)
[2024-02-26T05:05:27.288+0000] {spark_submit.py:490} INFO - at py4j.commands.ConstructorCommand.execute(ConstructorCommand.java:69)
[2024-02-26T05:05:27.289+0000] {spark_submit.py:490} INFO - at py4j.ClientServerConnection.waitForCommands(ClientServerConnection.java:182)
[2024-02-26T05:05:27.289+0000] {spark_submit.py:490} INFO - at py4j.ClientServerConnection.run(ClientServerConnection.java:106)
[2024-02-26T05:05:27.289+0000] {spark_submit.py:490} INFO - at java.base/java.lang.Thread.run(Thread.java:829)
[2024-02-26T05:05:27.289+0000] {spark_submit.py:490} INFO - 
[2024-02-26T05:05:27.293+0000] {spark_submit.py:490} INFO - 24/02/26 05:05:27 INFO SparkContext: Successfully stopped SparkContext
[2024-02-26T05:05:27.606+0000] {spark_submit.py:490} INFO - 24/02/26 05:05:27 INFO ShutdownHookManager: Shutdown hook called
[2024-02-26T05:05:27.669+0000] {spark_submit.py:490} INFO - 24/02/26 05:05:27 INFO ShutdownHookManager: Deleting directory /tmp/spark-1cbf14cc-c5a3-4414-861f-a33afe3a4343
[2024-02-26T05:05:27.734+0000] {spark_submit.py:490} INFO - 24/02/26 05:05:27 INFO ShutdownHookManager: Deleting directory /tmp/spark-55d92f61-0407-43cf-93bc-27874c9fa0ae
[2024-02-26T05:05:27.743+0000] {spark_submit.py:490} INFO - 24/02/26 05:05:27 INFO ShutdownHookManager: Deleting directory /tmp/spark-1cbf14cc-c5a3-4414-861f-a33afe3a4343/pyspark-629c02cd-f731-491e-b073-94dc8e6ad7ff
[2024-02-26T05:05:27.935+0000] {taskinstance.py:1824} ERROR - Task failed with exception
Traceback (most recent call last):
  File "/home/airflow/.local/lib/python3.7/site-packages/airflow/providers/apache/spark/operators/spark_submit.py", line 157, in execute
    self._hook.submit(self._application)
  File "/home/airflow/.local/lib/python3.7/site-packages/airflow/providers/apache/spark/hooks/spark_submit.py", line 422, in submit
    f"Cannot execute: {self._mask_cmd(spark_submit_cmd)}. Error code is: {returncode}."
airflow.exceptions.AirflowException: Cannot execute: spark-submit --master local[*] --conf spark.master=spark://spark-master:7077 --name arrow-spark /opt/airflow/dags/spark_etl.py. Error code is: 1.
[2024-02-26T05:05:27.958+0000] {taskinstance.py:1350} INFO - Marking task as FAILED. dag_id=spark_airflow_dag, task_id=spark_submit_task, execution_date=20240226T050407, start_date=20240226T050414, end_date=20240226T050527
[2024-02-26T05:05:28.003+0000] {standard_task_runner.py:109} ERROR - Failed to execute job 6 for task spark_submit_task (Cannot execute: spark-submit --master local[*] --conf spark.master=spark://spark-master:7077 --name arrow-spark /opt/airflow/dags/spark_etl.py. Error code is: 1.; 1279)
[2024-02-26T05:05:28.088+0000] {local_task_job_runner.py:225} INFO - Task exited with return code 1
[2024-02-26T05:05:28.245+0000] {taskinstance.py:2653} INFO - 0 downstream tasks scheduled from follow-on schedule check
